2003.08.04 10:58 B D:\BEN\Franke\franke-matthias\krimi\data\bani.gif <-- txten.de /franke-matthias/krimi/data bani.gif
2003.08.04 10:58 B D:\BEN\Franke\franke-matthias\krimi\data\bblack.gif <-- txten.de /franke-matthias/krimi/data bblack.gif
2003.08.04 10:58 B D:\BEN\Franke\franke-matthias\krimi\data\bhintergrundblauhell.jpg <-- txten.de /franke-matthias/krimi/data bhintergrundblauhell.jpg
2003.08.04 10:58 B D:\BEN\Franke\franke-matthias\krimi\data\bhintergrundhellweich.jpg <-- txten.de /franke-matthias/krimi/data bhintergrundhellweich.jpg
2003.08.04 10:58 B D:\BEN\Franke\franke-matthias\krimi\data\bred.gif <-- txten.de /franke-matthias/krimi/data bred.gif
2003.08.04 10:58 B D:\BEN\Franke\franke-matthias\krimi\data\btrans.gif <-- txten.de /franke-matthias/krimi/data btrans.gif
2003.08.04 10:58 B D:\BEN\Franke\franke-matthias\krimi\data\script.js <-- txten.de /franke-matthias/krimi/data script.js
2003.08.04 10:58 B D:\BEN\Franke\franke-matthias\krimi\data\scriptNavi.js <-- txten.de /franke-matthias/krimi/data scriptNavi.js
2003.08.04 10:58 A D:\BEN\Franke\franke-matthias\krimi\data\v+000+000.html <-- txten.de /franke-matthias/krimi/data v+000+000.html
2003.08.04 10:58 A D:\BEN\Franke\franke-matthias\krimi\data\v+000+001.html <-- txten.de /franke-matthias/krimi/data v+000+001.html
2003.08.04 10:58 A D:\BEN\Franke\franke-matthias\krimi\data\v+000+002.html <-- txten.de /franke-matthias/krimi/data v+000+002.html
2003.08.04 10:58 B D:\BEN\Franke\franke-matthias\krimi\data\v+000+002.jpg <-- txten.de /franke-matthias/krimi/data v+000+002.jpg
2003.08.04 10:58 A D:\BEN\Franke\franke-matthias\krimi\data\v+000+003.html <-- txten.de /franke-matthias/krimi/data v+000+003.html
2003.08.04 10:58 A D:\BEN\Franke\franke-matthias\krimi\data\v+000+004.html <-- txten.de /franke-matthias/krimi/data v+000+004.html
2003.08.04 10:58 A D:\BEN\Franke\franke-matthias\krimi\data\v+000+005.html <-- txten.de /franke-matthias/krimi/data v+000+005.html
2003.08.04 10:58 B D:\BEN\Franke\franke-matthias\krimi\data\v+000+006.gif <-- txten.de /franke-matthias/krimi/data v+000+006.gif
2003.08.04 10:58 A D:\BEN\Franke\franke-matthias\krimi\data\v+000+006.html <-- txten.de /franke-matthias/krimi/data v+000+006.html
2003.08.04 10:58 A D:\BEN\Franke\franke-matthias\krimi\data\v+000+007.html <-- txten.de /franke-matthias/krimi/data v+000+007.html
2003.08.04 10:58 A D:\BEN\Franke\franke-matthias\krimi\data\v+000-001.html <-- txten.de /franke-matthias/krimi/data v+000-001.html
2003.08.04 10:58 B D:\BEN\Franke\franke-matthias\krimi\data\v+000-001.jpg <-- txten.de /franke-matthias/krimi/data v+000-001.jpg
2003.08.04 10:58 A D:\BEN\Franke\franke-matthias\krimi\data\v+000-002.html <-- txten.de /franke-matthias/krimi/data v+000-002.html
2003.08.04 10:58 A D:\BEN\Franke\franke-matthias\krimi\data\v+000-003.html <-- txten.de /franke-matthias/krimi/data v+000-003.html
2003.08.04 10:59 B D:\BEN\Franke\franke-matthias\krimi\data\v+000-003.jpg <-- txten.de /franke-matthias/krimi/data v+000-003.jpg
2003.08.04 10:59 A D:\BEN\Franke\franke-matthias\krimi\data\v+000-004.html <-- txten.de /franke-matthias/krimi/data v+000-004.html
2003.08.04 10:59 A D:\BEN\Franke\franke-matthias\krimi\data\v+000-005.html <-- txten.de /franke-matthias/krimi/data v+000-005.html
2003.08.04 10:59 B D:\BEN\Franke\franke-matthias\krimi\data\v+000-005.jpg <-- txten.de /franke-matthias/krimi/data v+000-005.jpg
2003.08.04 10:59 A D:\BEN\Franke\franke-matthias\krimi\data\v+000-006.html <-- txten.de /franke-matthias/krimi/data v+000-006.html
2003.08.04 10:59 B D:\BEN\Franke\franke-matthias\krimi\data\v+000-007.gif <-- txten.de /franke-matthias/krimi/data v+000-007.gif
2003.08.04 10:59 A D:\BEN\Franke\franke-matthias\krimi\data\v+000-007.html <-- txten.de /franke-matthias/krimi/data v+000-007.html
2003.08.04 10:59 A D:\BEN\Franke\franke-matthias\krimi\data\v+000-008.html <-- txten.de /franke-matthias/krimi/data v+000-008.html
2003.08.04 10:59 B D:\BEN\Franke\franke-matthias\krimi\data\v+001+000.gif <-- txten.de /franke-matthias/krimi/data v+001+000.gif
2003.08.04 10:59 A D:\BEN\Franke\franke-matthias\krimi\data\v+001+000.html <-- txten.de /franke-matthias/krimi/data v+001+000.html
2003.08.04 10:59 A D:\BEN\Franke\franke-matthias\krimi\data\v+001+001.html <-- txten.de /franke-matthias/krimi/data v+001+001.html
2003.08.04 10:59 A D:\BEN\Franke\franke-matthias\krimi\data\v+001+002.html <-- txten.de /franke-matthias/krimi/data v+001+002.html
2003.08.04 10:59 B D:\BEN\Franke\franke-matthias\krimi\data\v+001+002.jpg <-- txten.de /franke-matthias/krimi/data v+001+002.jpg
2003.08.04 10:59 A D:\BEN\Franke\franke-matthias\krimi\data\v+001+003.html <-- txten.de /franke-matthias/krimi/data v+001+003.html
2003.08.04 10:59 A D:\BEN\Franke\franke-matthias\krimi\data\v+001+004.html <-- txten.de /franke-matthias/krimi/data v+001+004.html
2003.08.04 10:59 B D:\BEN\Franke\franke-matthias\krimi\data\v+001+004.jpg <-- txten.de /franke-matthias/krimi/data v+001+004.jpg
2003.08.04 10:59 A D:\BEN\Franke\franke-matthias\krimi\data\v+001+005.html <-- txten.de /franke-matthias/krimi/data v+001+005.html
2003.08.04 10:59 A D:\BEN\Franke\franke-matthias\krimi\data\v+001+006.html <-- txten.de /franke-matthias/krimi/data v+001+006.html
2003.08.04 10:59 B D:\BEN\Franke\franke-matthias\krimi\data\v+001+006.jpg <-- txten.de /franke-matthias/krimi/data v+001+006.jpg
2003.08.04 10:59 A D:\BEN\Franke\franke-matthias\krimi\data\v+001+007.html <-- txten.de /franke-matthias/krimi/data v+001+007.html
2003.08.04 10:59 A D:\BEN\Franke\franke-matthias\krimi\data\v+001-001.html <-- txten.de /franke-matthias/krimi/data v+001-001.html
2003.08.04 10:59 B D:\BEN\Franke\franke-matthias\krimi\data\v+001-001.jpg <-- txten.de /franke-matthias/krimi/data v+001-001.jpg
2003.08.04 10:59 A D:\BEN\Franke\franke-matthias\krimi\data\v+001-002.html <-- txten.de /franke-matthias/krimi/data v+001-002.html
2003.08.04 10:59 B D:\BEN\Franke\franke-matthias\krimi\data\v+001-003.gif <-- txten.de /franke-matthias/krimi/data v+001-003.gif
2003.08.04 10:59 A D:\BEN\Franke\franke-matthias\krimi\data\v+001-003.html <-- txten.de /franke-matthias/krimi/data v+001-003.html
2003.08.04 10:59 A D:\BEN\Franke\franke-matthias\krimi\data\v+001-004.html <-- txten.de /franke-matthias/krimi/data v+001-004.html
2003.08.04 10:59 A D:\BEN\Franke\franke-matthias\krimi\data\v+001-005.html <-- txten.de /franke-matthias/krimi/data v+001-005.html
2003.08.04 10:59 B D:\BEN\Franke\franke-matthias\krimi\data\v+001-005.jpg <-- txten.de /franke-matthias/krimi/data v+001-005.jpg
2003.08.04 10:59 A D:\BEN\Franke\franke-matthias\krimi\data\v+001-006.html <-- txten.de /franke-matthias/krimi/data v+001-006.html
2003.08.04 10:59 A D:\BEN\Franke\franke-matthias\krimi\data\v+001-007.html <-- txten.de /franke-matthias/krimi/data v+001-007.html
2003.08.04 10:59 B D:\BEN\Franke\franke-matthias\krimi\data\v+001-007.jpg <-- txten.de /franke-matthias/krimi/data v+001-007.jpg
2003.08.04 10:59 A D:\BEN\Franke\franke-matthias\krimi\data\v+001-008.html <-- txten.de /franke-matthias/krimi/data v+001-008.html
2003.08.04 10:59 A D:\BEN\Franke\franke-matthias\krimi\data\v+002+000.html <-- txten.de /franke-matthias/krimi/data v+002+000.html
2003.08.04 10:59 B D:\BEN\Franke\franke-matthias\krimi\data\v+002+000.jpg <-- txten.de /franke-matthias/krimi/data v+002+000.jpg
2003.08.04 10:59 A D:\BEN\Franke\franke-matthias\krimi\data\v+002+001.html <-- txten.de /franke-matthias/krimi/data v+002+001.html
2003.08.04 10:59 A D:\BEN\Franke\franke-matthias\krimi\data\v+002+002.html <-- txten.de /franke-matthias/krimi/data v+002+002.html
2003.08.04 10:59 B D:\BEN\Franke\franke-matthias\krimi\data\v+002+002.jpg <-- txten.de /franke-matthias/krimi/data v+002+002.jpg
2003.08.04 10:59 A D:\BEN\Franke\franke-matthias\krimi\data\v+002+003.html <-- txten.de /franke-matthias/krimi/data v+002+003.html
2003.08.04 10:59 A D:\BEN\Franke\franke-matthias\krimi\data\v+002+004.html <-- txten.de /franke-matthias/krimi/data v+002+004.html
2003.08.04 10:59 B D:\BEN\Franke\franke-matthias\krimi\data\v+002+004.jpg <-- txten.de /franke-matthias/krimi/data v+002+004.jpg
2003.08.04 10:59 A D:\BEN\Franke\franke-matthias\krimi\data\v+002+005.html <-- txten.de /franke-matthias/krimi/data v+002+005.html
2003.08.04 10:59 A D:\BEN\Franke\franke-matthias\krimi\data\v+002+006.html <-- txten.de /franke-matthias/krimi/data v+002+006.html
2003.08.04 10:59 B D:\BEN\Franke\franke-matthias\krimi\data\v+002+006.jpg <-- txten.de /franke-matthias/krimi/data v+002+006.jpg
2003.08.04 10:59 A D:\BEN\Franke\franke-matthias\krimi\data\v+002+007.html <-- txten.de /franke-matthias/krimi/data v+002+007.html
2003.08.04 10:59 A D:\BEN\Franke\franke-matthias\krimi\data\v+002-001.html <-- txten.de /franke-matthias/krimi/data v+002-001.html
2003.08.04 10:59 B D:\BEN\Franke\franke-matthias\krimi\data\v+002-001.jpg <-- txten.de /franke-matthias/krimi/data v+002-001.jpg
2003.08.04 10:59 A D:\BEN\Franke\franke-matthias\krimi\data\v+002-002.html <-- txten.de /franke-matthias/krimi/data v+002-002.html
2003.08.04 10:59 A D:\BEN\Franke\franke-matthias\krimi\data\v+002-003.html <-- txten.de /franke-matthias/krimi/data v+002-003.html
2003.08.04 10:59 B D:\BEN\Franke\franke-matthias\krimi\data\v+002-003.jpg <-- txten.de /franke-matthias/krimi/data v+002-003.jpg
2003.08.04 10:59 A D:\BEN\Franke\franke-matthias\krimi\data\v+002-004.html <-- txten.de /franke-matthias/krimi/data v+002-004.html
2003.08.04 10:59 A D:\BEN\Franke\franke-matthias\krimi\data\v+002-005.html <-- txten.de /franke-matthias/krimi/data v+002-005.html
2003.08.04 10:59 A D:\BEN\Franke\franke-matthias\krimi\data\v+002-006.html <-- txten.de /franke-matthias/krimi/data v+002-006.html
2003.08.04 10:59 A D:\BEN\Franke\franke-matthias\krimi\data\v+002-007.html <-- txten.de /franke-matthias/krimi/data v+002-007.html
2003.08.04 10:59 B D:\BEN\Franke\franke-matthias\krimi\data\v+002-007.jpg <-- txten.de /franke-matthias/krimi/data v+002-007.jpg
2003.08.04 10:59 A D:\BEN\Franke\franke-matthias\krimi\data\v+002-008.html <-- txten.de /franke-matthias/krimi/data v+002-008.html
2003.08.04 10:59 A D:\BEN\Franke\franke-matthias\krimi\data\v+003+000.html <-- txten.de /franke-matthias/krimi/data v+003+000.html
2003.08.04 10:59 B D:\BEN\Franke\franke-matthias\krimi\data\v+003+000.jpg <-- txten.de /franke-matthias/krimi/data v+003+000.jpg
2003.08.04 10:59 A D:\BEN\Franke\franke-matthias\krimi\data\v+003+001.html <-- txten.de /franke-matthias/krimi/data v+003+001.html
2003.08.04 10:59 A D:\BEN\Franke\franke-matthias\krimi\data\v+003+002.html <-- txten.de /franke-matthias/krimi/data v+003+002.html
2003.08.04 10:59 B D:\BEN\Franke\franke-matthias\krimi\data\v+003+002.jpg <-- txten.de /franke-matthias/krimi/data v+003+002.jpg
2003.08.04 10:59 A D:\BEN\Franke\franke-matthias\krimi\data\v+003+003.html <-- txten.de /franke-matthias/krimi/data v+003+003.html
2003.08.04 10:59 A D:\BEN\Franke\franke-matthias\krimi\data\v+003+004.html <-- txten.de /franke-matthias/krimi/data v+003+004.html
2003.08.04 10:59 B D:\BEN\Franke\franke-matthias\krimi\data\v+003+004.jpg <-- txten.de /franke-matthias/krimi/data v+003+004.jpg
2003.08.04 10:59 A D:\BEN\Franke\franke-matthias\krimi\data\v+003+005.html <-- txten.de /franke-matthias/krimi/data v+003+005.html
2003.08.04 10:59 A D:\BEN\Franke\franke-matthias\krimi\data\v+003+006.html <-- txten.de /franke-matthias/krimi/data v+003+006.html
2003.08.04 10:59 B D:\BEN\Franke\franke-matthias\krimi\data\v+003+006.jpg <-- txten.de /franke-matthias/krimi/data v+003+006.jpg
2003.08.04 10:59 A D:\BEN\Franke\franke-matthias\krimi\data\v+003+007.html <-- txten.de /franke-matthias/krimi/data v+003+007.html
2003.08.04 10:59 A D:\BEN\Franke\franke-matthias\krimi\data\v+003-001.html <-- txten.de /franke-matthias/krimi/data v+003-001.html
2003.08.04 10:59 B D:\BEN\Franke\franke-matthias\krimi\data\v+003-001.jpg <-- txten.de /franke-matthias/krimi/data v+003-001.jpg
2003.08.04 10:59 A D:\BEN\Franke\franke-matthias\krimi\data\v+003-002.html <-- txten.de /franke-matthias/krimi/data v+003-002.html
2003.08.04 10:59 A D:\BEN\Franke\franke-matthias\krimi\data\v+003-003.html <-- txten.de /franke-matthias/krimi/data v+003-003.html
2003.08.04 10:59 B D:\BEN\Franke\franke-matthias\krimi\data\v+003-003.jpg <-- txten.de /franke-matthias/krimi/data v+003-003.jpg
2003.08.04 10:59 A D:\BEN\Franke\franke-matthias\krimi\data\v+003-004.html <-- txten.de /franke-matthias/krimi/data v+003-004.html
2003.08.04 10:59 A D:\BEN\Franke\franke-matthias\krimi\data\v+003-005.html <-- txten.de /franke-matthias/krimi/data v+003-005.html
2003.08.04 10:59 B D:\BEN\Franke\franke-matthias\krimi\data\v+003-005.jpg <-- txten.de /franke-matthias/krimi/data v+003-005.jpg
2003.08.04 10:59 A D:\BEN\Franke\franke-matthias\krimi\data\v+003-006.html <-- txten.de /franke-matthias/krimi/data v+003-006.html
2003.08.04 10:59 A D:\BEN\Franke\franke-matthias\krimi\data\v+003-007.html <-- txten.de /franke-matthias/krimi/data v+003-007.html
2003.08.04 10:59 B D:\BEN\Franke\franke-matthias\krimi\data\v+003-007.jpg <-- txten.de /franke-matthias/krimi/data v+003-007.jpg
2003.08.04 10:59 A D:\BEN\Franke\franke-matthias\krimi\data\v+003-008.html <-- txten.de /franke-matthias/krimi/data v+003-008.html
2003.08.04 10:59 A D:\BEN\Franke\franke-matthias\krimi\data\v+004+000.html <-- txten.de /franke-matthias/krimi/data v+004+000.html
2003.08.04 10:59 B D:\BEN\Franke\franke-matthias\krimi\data\v+004+000.jpg <-- txten.de /franke-matthias/krimi/data v+004+000.jpg
2003.08.04 10:59 A D:\BEN\Franke\franke-matthias\krimi\data\v+004+001.html <-- txten.de /franke-matthias/krimi/data v+004+001.html
2003.08.04 10:59 A D:\BEN\Franke\franke-matthias\krimi\data\v+004+002.html <-- txten.de /franke-matthias/krimi/data v+004+002.html
2003.08.04 10:59 B D:\BEN\Franke\franke-matthias\krimi\data\v+004+002.jpg <-- txten.de /franke-matthias/krimi/data v+004+002.jpg
2003.08.04 10:59 A D:\BEN\Franke\franke-matthias\krimi\data\v+004+003.html <-- txten.de /franke-matthias/krimi/data v+004+003.html
2003.08.04 10:59 A D:\BEN\Franke\franke-matthias\krimi\data\v+004+004.html <-- txten.de /franke-matthias/krimi/data v+004+004.html
2003.08.04 10:59 B D:\BEN\Franke\franke-matthias\krimi\data\v+004+004.jpg <-- txten.de /franke-matthias/krimi/data v+004+004.jpg
2003.08.04 10:59 A D:\BEN\Franke\franke-matthias\krimi\data\v+004+005.html <-- txten.de /franke-matthias/krimi/data v+004+005.html
2003.08.04 10:59 A D:\BEN\Franke\franke-matthias\krimi\data\v+004+006.html <-- txten.de /franke-matthias/krimi/data v+004+006.html
2003.08.04 10:59 B D:\BEN\Franke\franke-matthias\krimi\data\v+004+006.jpg <-- txten.de /franke-matthias/krimi/data v+004+006.jpg
2003.08.04 10:59 A D:\BEN\Franke\franke-matthias\krimi\data\v+004+007.html <-- txten.de /franke-matthias/krimi/data v+004+007.html
2003.08.04 10:59 A D:\BEN\Franke\franke-matthias\krimi\data\v+004-001.html <-- txten.de /franke-matthias/krimi/data v+004-001.html
2003.08.04 10:59 B D:\BEN\Franke\franke-matthias\krimi\data\v+004-001.jpg <-- txten.de /franke-matthias/krimi/data v+004-001.jpg
2003.08.04 10:59 A D:\BEN\Franke\franke-matthias\krimi\data\v+004-002.html <-- txten.de /franke-matthias/krimi/data v+004-002.html
2003.08.04 10:59 A D:\BEN\Franke\franke-matthias\krimi\data\v+004-003.html <-- txten.de /franke-matthias/krimi/data v+004-003.html
2003.08.04 10:59 B D:\BEN\Franke\franke-matthias\krimi\data\v+004-003.jpg <-- txten.de /franke-matthias/krimi/data v+004-003.jpg
2003.08.04 10:59 A D:\BEN\Franke\franke-matthias\krimi\data\v+004-004.html <-- txten.de /franke-matthias/krimi/data v+004-004.html
2003.08.04 10:59 B D:\BEN\Franke\franke-matthias\krimi\data\v+004-005.gif <-- txten.de /franke-matthias/krimi/data v+004-005.gif
2003.08.04 10:59 A D:\BEN\Franke\franke-matthias\krimi\data\v+004-005.html <-- txten.de /franke-matthias/krimi/data v+004-005.html
2003.08.04 10:59 A D:\BEN\Franke\franke-matthias\krimi\data\v+004-006.html <-- txten.de /franke-matthias/krimi/data v+004-006.html
2003.08.04 10:59 A D:\BEN\Franke\franke-matthias\krimi\data\v+004-007.html <-- txten.de /franke-matthias/krimi/data v+004-007.html
2003.08.04 10:59 B D:\BEN\Franke\franke-matthias\krimi\data\v+004-007.jpg <-- txten.de /franke-matthias/krimi/data v+004-007.jpg
2003.08.04 10:59 A D:\BEN\Franke\franke-matthias\krimi\data\v+004-008.html <-- txten.de /franke-matthias/krimi/data v+004-008.html
2003.08.04 10:59 A D:\BEN\Franke\franke-matthias\krimi\data\v+005+000.html <-- txten.de /franke-matthias/krimi/data v+005+000.html
2003.08.04 10:59 B D:\BEN\Franke\franke-matthias\krimi\data\v+005+000.jpg <-- txten.de /franke-matthias/krimi/data v+005+000.jpg
2003.08.04 10:59 A D:\BEN\Franke\franke-matthias\krimi\data\v+005+001.html <-- txten.de /franke-matthias/krimi/data v+005+001.html
2003.08.04 10:59 A D:\BEN\Franke\franke-matthias\krimi\data\v+005+002.html <-- txten.de /franke-matthias/krimi/data v+005+002.html
2003.08.04 10:59 B D:\BEN\Franke\franke-matthias\krimi\data\v+005+002.jpg <-- txten.de /franke-matthias/krimi/data v+005+002.jpg
2003.08.04 10:59 A D:\BEN\Franke\franke-matthias\krimi\data\v+005+003.html <-- txten.de /franke-matthias/krimi/data v+005+003.html
2003.08.04 10:59 A D:\BEN\Franke\franke-matthias\krimi\data\v+005+004.html <-- txten.de /franke-matthias/krimi/data v+005+004.html
2003.08.04 10:59 B D:\BEN\Franke\franke-matthias\krimi\data\v+005+004.jpg <-- txten.de /franke-matthias/krimi/data v+005+004.jpg
2003.08.04 10:59 A D:\BEN\Franke\franke-matthias\krimi\data\v+005+005.html <-- txten.de /franke-matthias/krimi/data v+005+005.html
2003.08.04 10:59 A D:\BEN\Franke\franke-matthias\krimi\data\v+005+006.html <-- txten.de /franke-matthias/krimi/data v+005+006.html
2003.08.04 10:59 B D:\BEN\Franke\franke-matthias\krimi\data\v+005+006.jpg <-- txten.de /franke-matthias/krimi/data v+005+006.jpg
2003.08.04 10:59 A D:\BEN\Franke\franke-matthias\krimi\data\v+005+007.html <-- txten.de /franke-matthias/krimi/data v+005+007.html
2003.08.04 10:59 A D:\BEN\Franke\franke-matthias\krimi\data\v+005-001.html <-- txten.de /franke-matthias/krimi/data v+005-001.html
2003.08.04 10:59 B D:\BEN\Franke\franke-matthias\krimi\data\v+005-001.jpg <-- txten.de /franke-matthias/krimi/data v+005-001.jpg
2003.08.04 10:59 A D:\BEN\Franke\franke-matthias\krimi\data\v+005-002.html <-- txten.de /franke-matthias/krimi/data v+005-002.html
2003.08.04 10:59 A D:\BEN\Franke\franke-matthias\krimi\data\v+005-003.html <-- txten.de /franke-matthias/krimi/data v+005-003.html
2003.08.04 10:59 B D:\BEN\Franke\franke-matthias\krimi\data\v+005-003.jpg <-- txten.de /franke-matthias/krimi/data v+005-003.jpg
2003.08.04 10:59 A D:\BEN\Franke\franke-matthias\krimi\data\v+005-004.html <-- txten.de /franke-matthias/krimi/data v+005-004.html
2003.08.04 10:59 B D:\BEN\Franke\franke-matthias\krimi\data\v+005-005.gif <-- txten.de /franke-matthias/krimi/data v+005-005.gif
2003.08.04 10:59 A D:\BEN\Franke\franke-matthias\krimi\data\v+005-005.html <-- txten.de /franke-matthias/krimi/data v+005-005.html
2003.08.04 10:59 A D:\BEN\Franke\franke-matthias\krimi\data\v+005-006.html <-- txten.de /franke-matthias/krimi/data v+005-006.html
2003.08.04 10:59 B D:\BEN\Franke\franke-matthias\krimi\data\v+005-007.gif <-- txten.de /franke-matthias/krimi/data v+005-007.gif
2003.08.04 10:59 A D:\BEN\Franke\franke-matthias\krimi\data\v+005-007.html <-- txten.de /franke-matthias/krimi/data v+005-007.html
2003.08.04 10:59 A D:\BEN\Franke\franke-matthias\krimi\data\v+005-008.html <-- txten.de /franke-matthias/krimi/data v+005-008.html
2003.08.04 10:59 A D:\BEN\Franke\franke-matthias\krimi\data\v+006+000.html <-- txten.de /franke-matthias/krimi/data v+006+000.html
2003.08.04 10:59 B D:\BEN\Franke\franke-matthias\krimi\data\v+006+000.jpg <-- txten.de /franke-matthias/krimi/data v+006+000.jpg
2003.08.04 10:59 A D:\BEN\Franke\franke-matthias\krimi\data\v+006+001.html <-- txten.de /franke-matthias/krimi/data v+006+001.html
2003.08.04 10:59 A D:\BEN\Franke\franke-matthias\krimi\data\v+006+002.html <-- txten.de /franke-matthias/krimi/data v+006+002.html
2003.08.04 10:59 B D:\BEN\Franke\franke-matthias\krimi\data\v+006+002.jpg <-- txten.de /franke-matthias/krimi/data v+006+002.jpg
2003.08.04 10:59 A D:\BEN\Franke\franke-matthias\krimi\data\v+006+003.html <-- txten.de /franke-matthias/krimi/data v+006+003.html
2003.08.04 10:59 A D:\BEN\Franke\franke-matthias\krimi\data\v+006+004.html <-- txten.de /franke-matthias/krimi/data v+006+004.html
2003.08.04 10:59 B D:\BEN\Franke\franke-matthias\krimi\data\v+006+004.jpg <-- txten.de /franke-matthias/krimi/data v+006+004.jpg
2003.08.04 10:59 A D:\BEN\Franke\franke-matthias\krimi\data\v+006+005.html <-- txten.de /franke-matthias/krimi/data v+006+005.html
2003.08.04 10:59 A D:\BEN\Franke\franke-matthias\krimi\data\v+006+006.html <-- txten.de /franke-matthias/krimi/data v+006+006.html
2003.08.04 10:59 B D:\BEN\Franke\franke-matthias\krimi\data\v+006+006.jpg <-- txten.de /franke-matthias/krimi/data v+006+006.jpg
2003.08.04 10:59 A D:\BEN\Franke\franke-matthias\krimi\data\v+006+007.html <-- txten.de /franke-matthias/krimi/data v+006+007.html
2003.08.04 10:59 A D:\BEN\Franke\franke-matthias\krimi\data\v+006-001.html <-- txten.de /franke-matthias/krimi/data v+006-001.html
2003.08.04 10:59 B D:\BEN\Franke\franke-matthias\krimi\data\v+006-001.jpg <-- txten.de /franke-matthias/krimi/data v+006-001.jpg
2003.08.04 10:59 A D:\BEN\Franke\franke-matthias\krimi\data\v+006-002.html <-- txten.de /franke-matthias/krimi/data v+006-002.html
2003.08.04 10:59 A D:\BEN\Franke\franke-matthias\krimi\data\v+006-003.html <-- txten.de /franke-matthias/krimi/data v+006-003.html
2003.08.04 10:59 B D:\BEN\Franke\franke-matthias\krimi\data\v+006-003.jpg <-- txten.de /franke-matthias/krimi/data v+006-003.jpg
2003.08.04 10:59 A D:\BEN\Franke\franke-matthias\krimi\data\v+006-004.html <-- txten.de /franke-matthias/krimi/data v+006-004.html
2003.08.04 10:59 A D:\BEN\Franke\franke-matthias\krimi\data\v+006-005.html <-- txten.de /franke-matthias/krimi/data v+006-005.html
2003.08.04 10:59 B D:\BEN\Franke\franke-matthias\krimi\data\v+006-005.jpg <-- txten.de /franke-matthias/krimi/data v+006-005.jpg
2003.08.04 10:59 A D:\BEN\Franke\franke-matthias\krimi\data\v+006-006.html <-- txten.de /franke-matthias/krimi/data v+006-006.html
2003.08.04 10:59 A D:\BEN\Franke\franke-matthias\krimi\data\v+006-007.html <-- txten.de /franke-matthias/krimi/data v+006-007.html
2003.08.04 10:59 B D:\BEN\Franke\franke-matthias\krimi\data\v+006-007.jpg <-- txten.de /franke-matthias/krimi/data v+006-007.jpg
2003.08.04 10:59 A D:\BEN\Franke\franke-matthias\krimi\data\v+006-008.html <-- txten.de /franke-matthias/krimi/data v+006-008.html
2003.08.04 10:59 A D:\BEN\Franke\franke-matthias\krimi\data\v+007+000.html <-- txten.de /franke-matthias/krimi/data v+007+000.html
2003.08.04 10:59 B D:\BEN\Franke\franke-matthias\krimi\data\v+007+000.jpg <-- txten.de /franke-matthias/krimi/data v+007+000.jpg
2003.08.04 10:59 A D:\BEN\Franke\franke-matthias\krimi\data\v+007+001.html <-- txten.de /franke-matthias/krimi/data v+007+001.html
2003.08.04 10:59 A D:\BEN\Franke\franke-matthias\krimi\data\v+007+002.html <-- txten.de /franke-matthias/krimi/data v+007+002.html
2003.08.04 10:59 B D:\BEN\Franke\franke-matthias\krimi\data\v+007+002.jpg <-- txten.de /franke-matthias/krimi/data v+007+002.jpg
2003.08.04 10:59 A D:\BEN\Franke\franke-matthias\krimi\data\v+007+003.html <-- txten.de /franke-matthias/krimi/data v+007+003.html
2003.08.04 10:59 B D:\BEN\Franke\franke-matthias\krimi\data\v+007+004.gif <-- txten.de /franke-matthias/krimi/data v+007+004.gif
2003.08.04 10:59 A D:\BEN\Franke\franke-matthias\krimi\data\v+007+004.html <-- txten.de /franke-matthias/krimi/data v+007+004.html
2003.08.04 10:59 B D:\BEN\Franke\franke-matthias\krimi\data\v+007+004.jpg <-- txten.de /franke-matthias/krimi/data v+007+004.jpg
2003.08.04 10:59 A D:\BEN\Franke\franke-matthias\krimi\data\v+007+005.html <-- txten.de /franke-matthias/krimi/data v+007+005.html
2003.08.04 10:59 A D:\BEN\Franke\franke-matthias\krimi\data\v+007+006.html <-- txten.de /franke-matthias/krimi/data v+007+006.html
2003.08.04 10:59 B D:\BEN\Franke\franke-matthias\krimi\data\v+007+006.jpg <-- txten.de /franke-matthias/krimi/data v+007+006.jpg
2003.08.04 10:59 A D:\BEN\Franke\franke-matthias\krimi\data\v+007+007.html <-- txten.de /franke-matthias/krimi/data v+007+007.html
2003.08.04 10:59 A D:\BEN\Franke\franke-matthias\krimi\data\v+007-001.html <-- txten.de /franke-matthias/krimi/data v+007-001.html
2003.08.04 10:59 B D:\BEN\Franke\franke-matthias\krimi\data\v+007-001.jpg <-- txten.de /franke-matthias/krimi/data v+007-001.jpg
2003.08.04 10:59 A D:\BEN\Franke\franke-matthias\krimi\data\v+007-002.html <-- txten.de /franke-matthias/krimi/data v+007-002.html
2003.08.04 10:59 A D:\BEN\Franke\franke-matthias\krimi\data\v+007-003.html <-- txten.de /franke-matthias/krimi/data v+007-003.html
2003.08.04 10:59 B D:\BEN\Franke\franke-matthias\krimi\data\v+007-003.jpg <-- txten.de /franke-matthias/krimi/data v+007-003.jpg
2003.08.04 10:59 A D:\BEN\Franke\franke-matthias\krimi\data\v+007-004.html <-- txten.de /franke-matthias/krimi/data v+007-004.html
2003.08.04 10:59 A D:\BEN\Franke\franke-matthias\krimi\data\v+007-005.html <-- txten.de /franke-matthias/krimi/data v+007-005.html
2003.08.04 10:59 B D:\BEN\Franke\franke-matthias\krimi\data\v+007-005.jpg <-- txten.de /franke-matthias/krimi/data v+007-005.jpg
2003.08.04 10:59 A D:\BEN\Franke\franke-matthias\krimi\data\v+007-006.html <-- txten.de /franke-matthias/krimi/data v+007-006.html
2003.08.04 10:59 B D:\BEN\Franke\franke-matthias\krimi\data\v+007-007.gif <-- txten.de /franke-matthias/krimi/data v+007-007.gif
2003.08.04 10:59 A D:\BEN\Franke\franke-matthias\krimi\data\v+007-007.html <-- txten.de /franke-matthias/krimi/data v+007-007.html
2003.08.04 10:59 A D:\BEN\Franke\franke-matthias\krimi\data\v+007-008.html <-- txten.de /franke-matthias/krimi/data v+007-008.html
2003.08.04 10:59 B D:\BEN\Franke\franke-matthias\krimi\data\v+008+000.gif <-- txten.de /franke-matthias/krimi/data v+008+000.gif
2003.08.04 10:59 A D:\BEN\Franke\franke-matthias\krimi\data\v+008+000.html <-- txten.de /franke-matthias/krimi/data v+008+000.html
2003.08.04 10:59 A D:\BEN\Franke\franke-matthias\krimi\data\v+008+001.html <-- txten.de /franke-matthias/krimi/data v+008+001.html
2003.08.04 10:59 A D:\BEN\Franke\franke-matthias\krimi\data\v+008+002.html <-- txten.de /franke-matthias/krimi/data v+008+002.html
2003.08.04 10:59 B D:\BEN\Franke\franke-matthias\krimi\data\v+008+002.jpg <-- txten.de /franke-matthias/krimi/data v+008+002.jpg
2003.08.04 10:59 A D:\BEN\Franke\franke-matthias\krimi\data\v+008+003.html <-- txten.de /franke-matthias/krimi/data v+008+003.html
2003.08.04 10:59 A D:\BEN\Franke\franke-matthias\krimi\data\v+008+004.html <-- txten.de /franke-matthias/krimi/data v+008+004.html
2003.08.04 10:59 B D:\BEN\Franke\franke-matthias\krimi\data\v+008+004.jpg <-- txten.de /franke-matthias/krimi/data v+008+004.jpg
2003.08.04 10:59 A D:\BEN\Franke\franke-matthias\krimi\data\v+008+005.html <-- txten.de /franke-matthias/krimi/data v+008+005.html
2003.08.04 10:59 B D:\BEN\Franke\franke-matthias\krimi\data\v+008+006.gif <-- txten.de /franke-matthias/krimi/data v+008+006.gif
2003.08.04 10:59 A D:\BEN\Franke\franke-matthias\krimi\data\v+008+006.html <-- txten.de /franke-matthias/krimi/data v+008+006.html
2003.08.04 10:59 A D:\BEN\Franke\franke-matthias\krimi\data\v+008+007.html <-- txten.de /franke-matthias/krimi/data v+008+007.html
2003.08.04 10:59 A D:\BEN\Franke\franke-matthias\krimi\data\v+008-001.html <-- txten.de /franke-matthias/krimi/data v+008-001.html
2003.08.04 10:59 B D:\BEN\Franke\franke-matthias\krimi\data\v+008-001.jpg <-- txten.de /franke-matthias/krimi/data v+008-001.jpg
2003.08.04 10:59 A D:\BEN\Franke\franke-matthias\krimi\data\v+008-002.html <-- txten.de /franke-matthias/krimi/data v+008-002.html
2003.08.04 10:59 A D:\BEN\Franke\franke-matthias\krimi\data\v+008-003.html <-- txten.de /franke-matthias/krimi/data v+008-003.html
2003.08.04 10:59 B D:\BEN\Franke\franke-matthias\krimi\data\v+008-003.jpg <-- txten.de /franke-matthias/krimi/data v+008-003.jpg
2003.08.04 10:59 A D:\BEN\Franke\franke-matthias\krimi\data\v+008-004.html <-- txten.de /franke-matthias/krimi/data v+008-004.html
2003.08.04 10:59 A D:\BEN\Franke\franke-matthias\krimi\data\v+008-005.html <-- txten.de /franke-matthias/krimi/data v+008-005.html
2003.08.04 10:59 B D:\BEN\Franke\franke-matthias\krimi\data\v+008-005.jpg <-- txten.de /franke-matthias/krimi/data v+008-005.jpg
2003.08.04 10:59 A D:\BEN\Franke\franke-matthias\krimi\data\v+008-006.html <-- txten.de /franke-matthias/krimi/data v+008-006.html
2003.08.04 10:59 A D:\BEN\Franke\franke-matthias\krimi\data\v+008-007.html <-- txten.de /franke-matthias/krimi/data v+008-007.html
2003.08.04 10:59 B D:\BEN\Franke\franke-matthias\krimi\data\v+008-007.jpg <-- txten.de /franke-matthias/krimi/data v+008-007.jpg
2003.08.04 10:59 A D:\BEN\Franke\franke-matthias\krimi\data\v+008-008.html <-- txten.de /franke-matthias/krimi/data v+008-008.html
2003.08.04 10:59 B D:\BEN\Franke\franke-matthias\krimi\data\v+Bremse.wav <-- txten.de /franke-matthias/krimi/data v+Bremse.wav
2003.08.04 10:59 B D:\BEN\Franke\franke-matthias\krimi\data\v+Leute.wav <-- txten.de /franke-matthias/krimi/data v+Leute.wav
2003.08.04 10:59 B D:\BEN\Franke\franke-matthias\krimi\data\v+Schrank.wav <-- txten.de /franke-matthias/krimi/data v+Schrank.wav
2003.08.04 10:59 B D:\BEN\Franke\franke-matthias\krimi\data\v+Tuer.wav <-- txten.de /franke-matthias/krimi/data v+Tuer.wav
2003.08.04 10:59 B D:\BEN\Franke\franke-matthias\krimi\data\v+W.wav <-- txten.de /franke-matthias/krimi/data v+W.wav
2003.08.04 10:59 A D:\BEN\Franke\franke-matthias\krimi\data\v-001+000.html <-- txten.de /franke-matthias/krimi/data v-001+000.html
2003.08.04 10:59 B D:\BEN\Franke\franke-matthias\krimi\data\v-001+000.jpg <-- txten.de /franke-matthias/krimi/data v-001+000.jpg
2003.08.04 10:59 A D:\BEN\Franke\franke-matthias\krimi\data\v-001+001.html <-- txten.de /franke-matthias/krimi/data v-001+001.html
2003.08.04 10:59 A D:\BEN\Franke\franke-matthias\krimi\data\v-001+002.html <-- txten.de /franke-matthias/krimi/data v-001+002.html
2003.08.04 10:59 B D:\BEN\Franke\franke-matthias\krimi\data\v-001+002.jpg <-- txten.de /franke-matthias/krimi/data v-001+002.jpg
2003.08.04 10:59 A D:\BEN\Franke\franke-matthias\krimi\data\v-001+003.html <-- txten.de /franke-matthias/krimi/data v-001+003.html
2003.08.04 10:59 A D:\BEN\Franke\franke-matthias\krimi\data\v-001+004.html <-- txten.de /franke-matthias/krimi/data v-001+004.html
2003.08.04 10:59 A D:\BEN\Franke\franke-matthias\krimi\data\v-001+005.html <-- txten.de /franke-matthias/krimi/data v-001+005.html
2003.08.04 10:59 A D:\BEN\Franke\franke-matthias\krimi\data\v-001+006.html <-- txten.de /franke-matthias/krimi/data v-001+006.html
2003.08.04 10:59 A D:\BEN\Franke\franke-matthias\krimi\data\v-001+007.html <-- txten.de /franke-matthias/krimi/data v-001+007.html
2003.08.04 10:59 A D:\BEN\Franke\franke-matthias\krimi\data\v-001-001.html <-- txten.de /franke-matthias/krimi/data v-001-001.html
2003.08.04 10:59 A D:\BEN\Franke\franke-matthias\krimi\data\v-001-002.html <-- txten.de /franke-matthias/krimi/data v-001-002.html
2003.08.04 10:59 B D:\BEN\Franke\franke-matthias\krimi\data\v-001-003.gif <-- txten.de /franke-matthias/krimi/data v-001-003.gif
2003.08.04 10:59 A D:\BEN\Franke\franke-matthias\krimi\data\v-001-003.html <-- txten.de /franke-matthias/krimi/data v-001-003.html
2003.08.04 10:59 A D:\BEN\Franke\franke-matthias\krimi\data\v-001-004.html <-- txten.de /franke-matthias/krimi/data v-001-004.html
2003.08.04 10:59 A D:\BEN\Franke\franke-matthias\krimi\data\v-001-005.html <-- txten.de /franke-matthias/krimi/data v-001-005.html
2003.08.04 10:59 B D:\BEN\Franke\franke-matthias\krimi\data\v-001-005.jpg <-- txten.de /franke-matthias/krimi/data v-001-005.jpg
2003.08.04 10:59 A D:\BEN\Franke\franke-matthias\krimi\data\v-001-006.html <-- txten.de /franke-matthias/krimi/data v-001-006.html
2003.08.04 10:59 A D:\BEN\Franke\franke-matthias\krimi\data\v-001-007.html <-- txten.de /franke-matthias/krimi/data v-001-007.html
2003.08.04 10:59 B D:\BEN\Franke\franke-matthias\krimi\data\v-001-007.jpg <-- txten.de /franke-matthias/krimi/data v-001-007.jpg
2003.08.04 10:59 A D:\BEN\Franke\franke-matthias\krimi\data\v-001-008.html <-- txten.de /franke-matthias/krimi/data v-001-008.html
2003.08.04 11:00 B D:\BEN\Franke\franke-matthias\krimi\data\v-002+000.gif <-- txten.de /franke-matthias/krimi/data v-002+000.gif
2003.08.04 11:00 A D:\BEN\Franke\franke-matthias\krimi\data\v-002+000.html <-- txten.de /franke-matthias/krimi/data v-002+000.html
2003.08.04 11:00 A D:\BEN\Franke\franke-matthias\krimi\data\v-002+001.html <-- txten.de /franke-matthias/krimi/data v-002+001.html
2003.08.04 11:00 A D:\BEN\Franke\franke-matthias\krimi\data\v-002+002.html <-- txten.de /franke-matthias/krimi/data v-002+002.html
2003.08.04 11:00 A D:\BEN\Franke\franke-matthias\krimi\data\v-002+003.html <-- txten.de /franke-matthias/krimi/data v-002+003.html
2003.08.04 11:00 A D:\BEN\Franke\franke-matthias\krimi\data\v-002+004.html <-- txten.de /franke-matthias/krimi/data v-002+004.html
2003.08.04 11:00 B D:\BEN\Franke\franke-matthias\krimi\data\v-002+004.jpg <-- txten.de /franke-matthias/krimi/data v-002+004.jpg
2003.08.04 11:00 A D:\BEN\Franke\franke-matthias\krimi\data\v-002+005.html <-- txten.de /franke-matthias/krimi/data v-002+005.html
2003.08.04 11:00 A D:\BEN\Franke\franke-matthias\krimi\data\v-002+006.html <-- txten.de /franke-matthias/krimi/data v-002+006.html
2003.08.04 11:00 B D:\BEN\Franke\franke-matthias\krimi\data\v-002+006.jpg <-- txten.de /franke-matthias/krimi/data v-002+006.jpg
2003.08.04 11:00 A D:\BEN\Franke\franke-matthias\krimi\data\v-002+007.html <-- txten.de /franke-matthias/krimi/data v-002+007.html
2003.08.04 11:00 A D:\BEN\Franke\franke-matthias\krimi\data\v-002-001.html <-- txten.de /franke-matthias/krimi/data v-002-001.html
2003.08.04 11:00 B D:\BEN\Franke\franke-matthias\krimi\data\v-002-001.jpg <-- txten.de /franke-matthias/krimi/data v-002-001.jpg
2003.08.04 11:00 A D:\BEN\Franke\franke-matthias\krimi\data\v-002-002.html <-- txten.de /franke-matthias/krimi/data v-002-002.html
2003.08.04 11:00 A D:\BEN\Franke\franke-matthias\krimi\data\v-002-003.html <-- txten.de /franke-matthias/krimi/data v-002-003.html
2003.08.04 11:00 B D:\BEN\Franke\franke-matthias\krimi\data\v-002-003.jpg <-- txten.de /franke-matthias/krimi/data v-002-003.jpg
2003.08.04 11:00 A D:\BEN\Franke\franke-matthias\krimi\data\v-002-004.html <-- txten.de /franke-matthias/krimi/data v-002-004.html
2003.08.04 11:00 B D:\BEN\Franke\franke-matthias\krimi\data\v-002-004.jpg <-- txten.de /franke-matthias/krimi/data v-002-004.jpg
2003.08.04 11:00 A D:\BEN\Franke\franke-matthias\krimi\data\v-002-005.html <-- txten.de /franke-matthias/krimi/data v-002-005.html
2003.08.04 11:00 B D:\BEN\Franke\franke-matthias\krimi\data\v-002-005.jpg <-- txten.de /franke-matthias/krimi/data v-002-005.jpg
2003.08.04 11:00 A D:\BEN\Franke\franke-matthias\krimi\data\v-002-006.html <-- txten.de /franke-matthias/krimi/data v-002-006.html
2003.08.04 11:00 A D:\BEN\Franke\franke-matthias\krimi\data\v-002-007.html <-- txten.de /franke-matthias/krimi/data v-002-007.html
2003.08.04 11:00 B D:\BEN\Franke\franke-matthias\krimi\data\v-002-007.jpg <-- txten.de /franke-matthias/krimi/data v-002-007.jpg
2003.08.04 11:00 A D:\BEN\Franke\franke-matthias\krimi\data\v-002-008.html <-- txten.de /franke-matthias/krimi/data v-002-008.html
2003.08.04 11:00 A D:\BEN\Franke\franke-matthias\krimi\data\v-003+000.html <-- txten.de /franke-matthias/krimi/data v-003+000.html
2003.08.04 11:00 B D:\BEN\Franke\franke-matthias\krimi\data\v-003+000.jpg <-- txten.de /franke-matthias/krimi/data v-003+000.jpg
2003.08.04 11:00 A D:\BEN\Franke\franke-matthias\krimi\data\v-003+001.html <-- txten.de /franke-matthias/krimi/data v-003+001.html
2003.08.04 11:00 B D:\BEN\Franke\franke-matthias\krimi\data\v-003+002.gif <-- txten.de /franke-matthias/krimi/data v-003+002.gif
2003.08.04 11:00 A D:\BEN\Franke\franke-matthias\krimi\data\v-003+002.html <-- txten.de /franke-matthias/krimi/data v-003+002.html
2003.08.04 11:00 A D:\BEN\Franke\franke-matthias\krimi\data\v-003+003.html <-- txten.de /franke-matthias/krimi/data v-003+003.html
2003.08.04 11:00 B D:\BEN\Franke\franke-matthias\krimi\data\v-003+003.jpg <-- txten.de /franke-matthias/krimi/data v-003+003.jpg
2003.08.04 11:00 A D:\BEN\Franke\franke-matthias\krimi\data\v-003+004.html <-- txten.de /franke-matthias/krimi/data v-003+004.html
2003.08.04 11:00 B D:\BEN\Franke\franke-matthias\krimi\data\v-003+004.jpg <-- txten.de /franke-matthias/krimi/data v-003+004.jpg
2003.08.04 11:00 A D:\BEN\Franke\franke-matthias\krimi\data\v-003+005.html <-- txten.de /franke-matthias/krimi/data v-003+005.html
2003.08.04 11:00 A D:\BEN\Franke\franke-matthias\krimi\data\v-003+006.html <-- txten.de /franke-matthias/krimi/data v-003+006.html
2003.08.04 11:00 B D:\BEN\Franke\franke-matthias\krimi\data\v-003+006.jpg <-- txten.de /franke-matthias/krimi/data v-003+006.jpg
2003.08.04 11:00 A D:\BEN\Franke\franke-matthias\krimi\data\v-003+007.html <-- txten.de /franke-matthias/krimi/data v-003+007.html
2003.08.04 11:00 A D:\BEN\Franke\franke-matthias\krimi\data\v-003-001.html <-- txten.de /franke-matthias/krimi/data v-003-001.html
2003.08.04 11:00 A D:\BEN\Franke\franke-matthias\krimi\data\v-003-002.html <-- txten.de /franke-matthias/krimi/data v-003-002.html
2003.08.04 11:00 A D:\BEN\Franke\franke-matthias\krimi\data\v-003-003.html <-- txten.de /franke-matthias/krimi/data v-003-003.html
2003.08.04 11:00 B D:\BEN\Franke\franke-matthias\krimi\data\v-003-003.jpg <-- txten.de /franke-matthias/krimi/data v-003-003.jpg
2003.08.04 11:00 A D:\BEN\Franke\franke-matthias\krimi\data\v-003-004.html <-- txten.de /franke-matthias/krimi/data v-003-004.html
2003.08.04 11:00 A D:\BEN\Franke\franke-matthias\krimi\data\v-003-005.html <-- txten.de /franke-matthias/krimi/data v-003-005.html
2003.08.04 11:00 B D:\BEN\Franke\franke-matthias\krimi\data\v-003-005.jpg <-- txten.de /franke-matthias/krimi/data v-003-005.jpg
2003.08.04 11:00 A D:\BEN\Franke\franke-matthias\krimi\data\v-003-006.html <-- txten.de /franke-matthias/krimi/data v-003-006.html
2003.08.04 11:00 A D:\BEN\Franke\franke-matthias\krimi\data\v-003-007.html <-- txten.de /franke-matthias/krimi/data v-003-007.html
2003.08.04 11:00 B D:\BEN\Franke\franke-matthias\krimi\data\v-003-007.jpg <-- txten.de /franke-matthias/krimi/data v-003-007.jpg
2003.08.04 11:00 A D:\BEN\Franke\franke-matthias\krimi\data\v-003-008.html <-- txten.de /franke-matthias/krimi/data v-003-008.html
2003.08.04 11:00 A D:\BEN\Franke\franke-matthias\krimi\data\v-004+000.html <-- txten.de /franke-matthias/krimi/data v-004+000.html
2003.08.04 11:00 B D:\BEN\Franke\franke-matthias\krimi\data\v-004+000.jpg <-- txten.de /franke-matthias/krimi/data v-004+000.jpg
2003.08.04 11:00 A D:\BEN\Franke\franke-matthias\krimi\data\v-004+001.html <-- txten.de /franke-matthias/krimi/data v-004+001.html
2003.08.04 11:00 A D:\BEN\Franke\franke-matthias\krimi\data\v-004+002.html <-- txten.de /franke-matthias/krimi/data v-004+002.html
2003.08.04 11:00 B D:\BEN\Franke\franke-matthias\krimi\data\v-004+002.jpg <-- txten.de /franke-matthias/krimi/data v-004+002.jpg
2003.08.04 11:00 B D:\BEN\Franke\franke-matthias\krimi\data\v-004+003.gif <-- txten.de /franke-matthias/krimi/data v-004+003.gif
2003.08.04 11:00 A D:\BEN\Franke\franke-matthias\krimi\data\v-004+003.html <-- txten.de /franke-matthias/krimi/data v-004+003.html
2003.08.04 11:00 B D:\BEN\Franke\franke-matthias\krimi\data\v-004+004.gif <-- txten.de /franke-matthias/krimi/data v-004+004.gif
2003.08.04 11:00 A D:\BEN\Franke\franke-matthias\krimi\data\v-004+004.html <-- txten.de /franke-matthias/krimi/data v-004+004.html
2003.08.04 11:00 A D:\BEN\Franke\franke-matthias\krimi\data\v-004+005.html <-- txten.de /franke-matthias/krimi/data v-004+005.html
2003.08.04 11:00 B D:\BEN\Franke\franke-matthias\krimi\data\v-004+006.gif <-- txten.de /franke-matthias/krimi/data v-004+006.gif
2003.08.04 11:00 A D:\BEN\Franke\franke-matthias\krimi\data\v-004+006.html <-- txten.de /franke-matthias/krimi/data v-004+006.html
2003.08.04 11:00 A D:\BEN\Franke\franke-matthias\krimi\data\v-004+007.html <-- txten.de /franke-matthias/krimi/data v-004+007.html
2003.08.04 11:00 B D:\BEN\Franke\franke-matthias\krimi\data\v-004-001.gif <-- txten.de /franke-matthias/krimi/data v-004-001.gif
2003.08.04 11:00 A D:\BEN\Franke\franke-matthias\krimi\data\v-004-001.html <-- txten.de /franke-matthias/krimi/data v-004-001.html
2003.08.04 11:00 A D:\BEN\Franke\franke-matthias\krimi\data\v-004-002.html <-- txten.de /franke-matthias/krimi/data v-004-002.html
2003.08.04 11:00 B D:\BEN\Franke\franke-matthias\krimi\data\v-004-003.gif <-- txten.de /franke-matthias/krimi/data v-004-003.gif
2003.08.04 11:00 A D:\BEN\Franke\franke-matthias\krimi\data\v-004-003.html <-- txten.de /franke-matthias/krimi/data v-004-003.html
2003.08.04 11:00 A D:\BEN\Franke\franke-matthias\krimi\data\v-004-004.html <-- txten.de /franke-matthias/krimi/data v-004-004.html
2003.08.04 11:00 A D:\BEN\Franke\franke-matthias\krimi\data\v-004-005.html <-- txten.de /franke-matthias/krimi/data v-004-005.html
2003.08.04 11:00 B D:\BEN\Franke\franke-matthias\krimi\data\v-004-005.jpg <-- txten.de /franke-matthias/krimi/data v-004-005.jpg
2003.08.04 11:00 A D:\BEN\Franke\franke-matthias\krimi\data\v-004-006.html <-- txten.de /franke-matthias/krimi/data v-004-006.html
2003.08.04 11:00 B D:\BEN\Franke\franke-matthias\krimi\data\v-004-007.gif <-- txten.de /franke-matthias/krimi/data v-004-007.gif
2003.08.04 11:00 A D:\BEN\Franke\franke-matthias\krimi\data\v-004-007.html <-- txten.de /franke-matthias/krimi/data v-004-007.html
2003.08.04 11:00 A D:\BEN\Franke\franke-matthias\krimi\data\v-004-008.html <-- txten.de /franke-matthias/krimi/data v-004-008.html
2003.08.04 11:00 B D:\BEN\Franke\franke-matthias\krimi\data\v-005+000.gif <-- txten.de /franke-matthias/krimi/data v-005+000.gif
2003.08.04 11:00 A D:\BEN\Franke\franke-matthias\krimi\data\v-005+000.html <-- txten.de /franke-matthias/krimi/data v-005+000.html
2003.08.04 11:00 A D:\BEN\Franke\franke-matthias\krimi\data\v-005+001.html <-- txten.de /franke-matthias/krimi/data v-005+001.html
2003.08.04 11:00 B D:\BEN\Franke\franke-matthias\krimi\data\v-005+002.gif <-- txten.de /franke-matthias/krimi/data v-005+002.gif
2003.08.04 11:00 A D:\BEN\Franke\franke-matthias\krimi\data\v-005+002.html <-- txten.de /franke-matthias/krimi/data v-005+002.html
2003.08.04 11:00 A D:\BEN\Franke\franke-matthias\krimi\data\v-005+003.html <-- txten.de /franke-matthias/krimi/data v-005+003.html
2003.08.04 11:00 B D:\BEN\Franke\franke-matthias\krimi\data\v-005+004.gif <-- txten.de /franke-matthias/krimi/data v-005+004.gif
2003.08.04 11:00 A D:\BEN\Franke\franke-matthias\krimi\data\v-005+004.html <-- txten.de /franke-matthias/krimi/data v-005+004.html
2003.08.04 11:00 A D:\BEN\Franke\franke-matthias\krimi\data\v-005+005.html <-- txten.de /franke-matthias/krimi/data v-005+005.html
2003.08.04 11:00 B D:\BEN\Franke\franke-matthias\krimi\data\v-005+006.gif <-- txten.de /franke-matthias/krimi/data v-005+006.gif
2003.08.04 11:00 A D:\BEN\Franke\franke-matthias\krimi\data\v-005+006.html <-- txten.de /franke-matthias/krimi/data v-005+006.html
2003.08.04 11:00 A D:\BEN\Franke\franke-matthias\krimi\data\v-005+007.html <-- txten.de /franke-matthias/krimi/data v-005+007.html
2003.08.04 11:00 B D:\BEN\Franke\franke-matthias\krimi\data\v-005-001.gif <-- txten.de /franke-matthias/krimi/data v-005-001.gif
2003.08.04 11:00 A D:\BEN\Franke\franke-matthias\krimi\data\v-005-001.html <-- txten.de /franke-matthias/krimi/data v-005-001.html
2003.08.04 11:00 A D:\BEN\Franke\franke-matthias\krimi\data\v-005-002.html <-- txten.de /franke-matthias/krimi/data v-005-002.html
2003.08.04 11:00 B D:\BEN\Franke\franke-matthias\krimi\data\v-005-003.gif <-- txten.de /franke-matthias/krimi/data v-005-003.gif
2003.08.04 11:00 A D:\BEN\Franke\franke-matthias\krimi\data\v-005-003.html <-- txten.de /franke-matthias/krimi/data v-005-003.html
2003.08.04 11:00 A D:\BEN\Franke\franke-matthias\krimi\data\v-005-004.html <-- txten.de /franke-matthias/krimi/data v-005-004.html
2003.08.04 11:00 B D:\BEN\Franke\franke-matthias\krimi\data\v-005-005.gif <-- txten.de /franke-matthias/krimi/data v-005-005.gif
2003.08.04 11:00 A D:\BEN\Franke\franke-matthias\krimi\data\v-005-005.html <-- txten.de /franke-matthias/krimi/data v-005-005.html
2003.08.04 11:00 A D:\BEN\Franke\franke-matthias\krimi\data\v-005-006.html <-- txten.de /franke-matthias/krimi/data v-005-006.html
2003.08.04 11:00 A D:\BEN\Franke\franke-matthias\krimi\data\v-005-007.html <-- txten.de /franke-matthias/krimi/data v-005-007.html
2003.08.04 11:00 B D:\BEN\Franke\franke-matthias\krimi\data\v-005-007.jpg <-- txten.de /franke-matthias/krimi/data v-005-007.jpg
2003.08.04 11:00 A D:\BEN\Franke\franke-matthias\krimi\data\v-005-008.html <-- txten.de /franke-matthias/krimi/data v-005-008.html
2003.08.04 11:00 B D:\BEN\Franke\franke-matthias\krimi\data\vbn+eck-links-oben.gif <-- txten.de /franke-matthias/krimi/data vbn+eck-links-oben.gif
2003.08.04 11:00 B D:\BEN\Franke\franke-matthias\krimi\data\vbn+eck-links-unten.gif <-- txten.de /franke-matthias/krimi/data vbn+eck-links-unten.gif
2003.08.04 11:00 B D:\BEN\Franke\franke-matthias\krimi\data\vbn+eck-rechts-oben.gif <-- txten.de /franke-matthias/krimi/data vbn+eck-rechts-oben.gif
2003.08.04 11:00 B D:\BEN\Franke\franke-matthias\krimi\data\vbn+eck-rechts-unten.gif <-- txten.de /franke-matthias/krimi/data vbn+eck-rechts-unten.gif
2003.08.04 11:00 B D:\BEN\Franke\franke-matthias\krimi\data\vbn+mitte.gif <-- txten.de /franke-matthias/krimi/data vbn+mitte.gif
2003.08.04 11:00 B D:\BEN\Franke\franke-matthias\krimi\data\vbn-hintergrund.jpg <-- txten.de /franke-matthias/krimi/data vbn-hintergrund.jpg
2003.08.04 11:00 B D:\BEN\Franke\franke-matthias\krimi\data\vbn-links-zu.gif <-- txten.de /franke-matthias/krimi/data vbn-links-zu.gif
2003.08.04 11:00 B D:\BEN\Franke\franke-matthias\krimi\data\vbn-links.gif <-- txten.de /franke-matthias/krimi/data vbn-links.gif
2003.08.04 11:00 B D:\BEN\Franke\franke-matthias\krimi\data\vbn-oben-zu.gif <-- txten.de /franke-matthias/krimi/data vbn-oben-zu.gif
2003.08.04 11:00 B D:\BEN\Franke\franke-matthias\krimi\data\vbn-oben.gif <-- txten.de /franke-matthias/krimi/data vbn-oben.gif
2003.08.04 11:00 B D:\BEN\Franke\franke-matthias\krimi\data\vbn-rechts-zu.gif <-- txten.de /franke-matthias/krimi/data vbn-rechts-zu.gif
2003.08.04 11:00 B D:\BEN\Franke\franke-matthias\krimi\data\vbn-rechts.gif <-- txten.de /franke-matthias/krimi/data vbn-rechts.gif
2003.08.04 11:00 B D:\BEN\Franke\franke-matthias\krimi\data\vbn-Schatten-rechts.gif <-- txten.de /franke-matthias/krimi/data vbn-Schatten-rechts.gif
2003.08.04 11:00 B D:\BEN\Franke\franke-matthias\krimi\data\vbn-Schatten-unten.gif <-- txten.de /franke-matthias/krimi/data vbn-Schatten-unten.gif
2003.08.04 11:00 B D:\BEN\Franke\franke-matthias\krimi\data\vbn-Schatten.gif <-- txten.de /franke-matthias/krimi/data vbn-Schatten.gif
2003.08.04 11:00 B D:\BEN\Franke\franke-matthias\krimi\data\vbn-unten-zu.gif <-- txten.de /franke-matthias/krimi/data vbn-unten-zu.gif
2003.08.04 11:00 B D:\BEN\Franke\franke-matthias\krimi\data\vbn-unten.gif <-- txten.de /franke-matthias/krimi/data vbn-unten.gif
2003.08.04 11:00 B D:\BEN\Franke\franke-matthias\krimi\data\vbn-von-links.gif <-- txten.de /franke-matthias/krimi/data vbn-von-links.gif
2003.08.04 11:00 B D:\BEN\Franke\franke-matthias\krimi\data\vbn-von-oben.gif <-- txten.de /franke-matthias/krimi/data vbn-von-oben.gif
2003.08.04 11:00 B D:\BEN\Franke\franke-matthias\krimi\data\vbn-von-rechts.gif <-- txten.de /franke-matthias/krimi/data vbn-von-rechts.gif
2003.08.04 11:00 B D:\BEN\Franke\franke-matthias\krimi\data\vbn-von-unten.gif <-- txten.de /franke-matthias/krimi/data vbn-von-unten.gif
2003.08.04 11:00 A D:\BEN\Franke\franke-matthias\krimi\data\vHomePage.html <-- txten.de /franke-matthias/krimi/data vHomePage.html
2003.08.04 11:00 A D:\BEN\Franke\franke-matthias\krimi\data\vNavigation.html <-- txten.de /franke-matthias/krimi/data vNavigation.html
2003.08.04 11:30 A D:\BEN\Franke\franke-matthias\krimi\data\v+000+000.html --> www.txten.de /franke-matthias/krimi/data v+000+000.html
2003.08.04 11:30 A D:\BEN\Franke\franke-matthias\krimi\data\v+000+001.html --> www.txten.de /franke-matthias/krimi/data v+000+001.html
2003.08.04 11:30 A D:\BEN\Franke\franke-matthias\krimi\data\v+000+002.html --> www.txten.de /franke-matthias/krimi/data v+000+002.html
2003.08.04 11:30 A D:\BEN\Franke\franke-matthias\krimi\data\v+000+003.html --> www.txten.de /franke-matthias/krimi/data v+000+003.html
2003.08.04 11:30 A D:\BEN\Franke\franke-matthias\krimi\data\v+000+004.html --> www.txten.de /franke-matthias/krimi/data v+000+004.html
2003.08.04 11:30 A D:\BEN\Franke\franke-matthias\krimi\data\v+000+005.html --> www.txten.de /franke-matthias/krimi/data v+000+005.html
2003.08.04 11:30 A D:\BEN\Franke\franke-matthias\krimi\data\v+000+006.html --> www.txten.de /franke-matthias/krimi/data v+000+006.html
2003.08.04 11:30 A D:\BEN\Franke\franke-matthias\krimi\data\v+000+007.html --> www.txten.de /franke-matthias/krimi/data v+000+007.html
2003.08.04 11:30 A D:\BEN\Franke\franke-matthias\krimi\data\v+000-001.html --> www.txten.de /franke-matthias/krimi/data v+000-001.html
2003.08.04 11:30 A D:\BEN\Franke\franke-matthias\krimi\data\v+000-002.html --> www.txten.de /franke-matthias/krimi/data v+000-002.html
2003.08.04 11:30 A D:\BEN\Franke\franke-matthias\krimi\data\v+000-003.html --> www.txten.de /franke-matthias/krimi/data v+000-003.html
2003.08.04 11:30 A D:\BEN\Franke\franke-matthias\krimi\data\v+000-004.html --> www.txten.de /franke-matthias/krimi/data v+000-004.html
2003.08.04 11:30 A D:\BEN\Franke\franke-matthias\krimi\data\v+000-005.html --> www.txten.de /franke-matthias/krimi/data v+000-005.html
2003.08.04 11:30 A D:\BEN\Franke\franke-matthias\krimi\data\v+000-006.html --> www.txten.de /franke-matthias/krimi/data v+000-006.html
2003.08.04 11:30 A D:\BEN\Franke\franke-matthias\krimi\data\v+000-007.html --> www.txten.de /franke-matthias/krimi/data v+000-007.html
2003.08.04 11:30 A D:\BEN\Franke\franke-matthias\krimi\data\v+000-008.html --> www.txten.de /franke-matthias/krimi/data v+000-008.html
2003.08.04 11:30 A D:\BEN\Franke\franke-matthias\krimi\data\v+001+000.html --> www.txten.de /franke-matthias/krimi/data v+001+000.html
2003.08.04 11:30 A D:\BEN\Franke\franke-matthias\krimi\data\v+001+001.html --> www.txten.de /franke-matthias/krimi/data v+001+001.html
2003.08.04 11:30 A D:\BEN\Franke\franke-matthias\krimi\data\v+001+002.html --> www.txten.de /franke-matthias/krimi/data v+001+002.html
2003.08.04 11:30 A D:\BEN\Franke\franke-matthias\krimi\data\v+001+003.html --> www.txten.de /franke-matthias/krimi/data v+001+003.html
2003.08.04 11:30 A D:\BEN\Franke\franke-matthias\krimi\data\v+001+004.html --> www.txten.de /franke-matthias/krimi/data v+001+004.html
2003.08.04 11:30 A D:\BEN\Franke\franke-matthias\krimi\data\v+001+005.html --> www.txten.de /franke-matthias/krimi/data v+001+005.html
2003.08.04 11:30 A D:\BEN\Franke\franke-matthias\krimi\data\v+001+006.html --> www.txten.de /franke-matthias/krimi/data v+001+006.html
2003.08.04 11:30 A D:\BEN\Franke\franke-matthias\krimi\data\v+001+007.html --> www.txten.de /franke-matthias/krimi/data v+001+007.html
2003.08.04 11:30 A D:\BEN\Franke\franke-matthias\krimi\data\v+001-001.html --> www.txten.de /franke-matthias/krimi/data v+001-001.html
2003.08.04 11:30 A D:\BEN\Franke\franke-matthias\krimi\data\v+001-002.html --> www.txten.de /franke-matthias/krimi/data v+001-002.html
2003.08.04 11:30 A D:\BEN\Franke\franke-matthias\krimi\data\v+001-003.html --> www.txten.de /franke-matthias/krimi/data v+001-003.html
2003.08.04 11:30 A D:\BEN\Franke\franke-matthias\krimi\data\v+001-004.html --> www.txten.de /franke-matthias/krimi/data v+001-004.html
2003.08.04 11:30 A D:\BEN\Franke\franke-matthias\krimi\data\v+001-005.html --> www.txten.de /franke-matthias/krimi/data v+001-005.html
2003.08.04 11:30 A D:\BEN\Franke\franke-matthias\krimi\data\v+001-006.html --> www.txten.de /franke-matthias/krimi/data v+001-006.html
2003.08.04 11:30 A D:\BEN\Franke\franke-matthias\krimi\data\v+001-007.html --> www.txten.de /franke-matthias/krimi/data v+001-007.html
2003.08.04 11:30 A D:\BEN\Franke\franke-matthias\krimi\data\v+001-008.html --> www.txten.de /franke-matthias/krimi/data v+001-008.html
2003.08.04 11:30 A D:\BEN\Franke\franke-matthias\krimi\data\v+002+000.html --> www.txten.de /franke-matthias/krimi/data v+002+000.html
2003.08.04 11:30 A D:\BEN\Franke\franke-matthias\krimi\data\v+002+001.html --> www.txten.de /franke-matthias/krimi/data v+002+001.html
2003.08.04 11:30 A D:\BEN\Franke\franke-matthias\krimi\data\v+002+002.html --> www.txten.de /franke-matthias/krimi/data v+002+002.html
2003.08.04 11:30 A D:\BEN\Franke\franke-matthias\krimi\data\v+002+003.html --> www.txten.de /franke-matthias/krimi/data v+002+003.html
2003.08.04 11:30 A D:\BEN\Franke\franke-matthias\krimi\data\v+002+004.html --> www.txten.de /franke-matthias/krimi/data v+002+004.html
2003.08.04 11:30 A D:\BEN\Franke\franke-matthias\krimi\data\v+002+005.html --> www.txten.de /franke-matthias/krimi/data v+002+005.html
2003.08.04 11:30 A D:\BEN\Franke\franke-matthias\krimi\data\v+002+006.html --> www.txten.de /franke-matthias/krimi/data v+002+006.html
2003.08.04 11:30 A D:\BEN\Franke\franke-matthias\krimi\data\v+002+007.html --> www.txten.de /franke-matthias/krimi/data v+002+007.html
2003.08.04 11:30 A D:\BEN\Franke\franke-matthias\krimi\data\v+002-001.html --> www.txten.de /franke-matthias/krimi/data v+002-001.html
2003.08.04 11:30 A D:\BEN\Franke\franke-matthias\krimi\data\v+002-002.html --> www.txten.de /franke-matthias/krimi/data v+002-002.html
2003.08.04 11:30 A D:\BEN\Franke\franke-matthias\krimi\data\v+002-003.html --> www.txten.de /franke-matthias/krimi/data v+002-003.html
2003.08.04 11:30 A D:\BEN\Franke\franke-matthias\krimi\data\v+002-004.html --> www.txten.de /franke-matthias/krimi/data v+002-004.html
2003.08.04 11:30 A D:\BEN\Franke\franke-matthias\krimi\data\v+002-005.html --> www.txten.de /franke-matthias/krimi/data v+002-005.html
2003.08.04 11:30 A D:\BEN\Franke\franke-matthias\krimi\data\v+002-006.html --> www.txten.de /franke-matthias/krimi/data v+002-006.html
2003.08.04 11:30 A D:\BEN\Franke\franke-matthias\krimi\data\v+002-007.html --> www.txten.de /franke-matthias/krimi/data v+002-007.html
2003.08.04 11:30 A D:\BEN\Franke\franke-matthias\krimi\data\v+002-008.html --> www.txten.de /franke-matthias/krimi/data v+002-008.html
2003.08.04 11:31 A D:\BEN\Franke\franke-matthias\krimi\data\v+003+000.html --> www.txten.de /franke-matthias/krimi/data v+003+000.html
2003.08.04 11:31 A D:\BEN\Franke\franke-matthias\krimi\data\v+003+001.html --> www.txten.de /franke-matthias/krimi/data v+003+001.html
2003.08.04 11:31 A D:\BEN\Franke\franke-matthias\krimi\data\v+003+002.html --> www.txten.de /franke-matthias/krimi/data v+003+002.html
2003.08.04 11:31 A D:\BEN\Franke\franke-matthias\krimi\data\v+003+003.html --> www.txten.de /franke-matthias/krimi/data v+003+003.html
2003.08.04 11:31 A D:\BEN\Franke\franke-matthias\krimi\data\v+003+004.html --> www.txten.de /franke-matthias/krimi/data v+003+004.html
2003.08.04 11:31 A D:\BEN\Franke\franke-matthias\krimi\data\v+003+005.html --> www.txten.de /franke-matthias/krimi/data v+003+005.html
2003.08.04 11:31 A D:\BEN\Franke\franke-matthias\krimi\data\v+003+006.html --> www.txten.de /franke-matthias/krimi/data v+003+006.html
2003.08.04 11:31 A D:\BEN\Franke\franke-matthias\krimi\data\v+003+007.html --> www.txten.de /franke-matthias/krimi/data v+003+007.html
2003.08.04 11:31 A D:\BEN\Franke\franke-matthias\krimi\data\v+003-001.html --> www.txten.de /franke-matthias/krimi/data v+003-001.html
2003.08.04 11:31 A D:\BEN\Franke\franke-matthias\krimi\data\v+003-002.html --> www.txten.de /franke-matthias/krimi/data v+003-002.html
2003.08.04 11:31 A D:\BEN\Franke\franke-matthias\krimi\data\v+003-003.html --> www.txten.de /franke-matthias/krimi/data v+003-003.html
2003.08.04 11:31 A D:\BEN\Franke\franke-matthias\krimi\data\v+003-004.html --> www.txten.de /franke-matthias/krimi/data v+003-004.html
2003.08.04 11:31 A D:\BEN\Franke\franke-matthias\krimi\data\v+003-005.html --> www.txten.de /franke-matthias/krimi/data v+003-005.html
2003.08.04 11:31 A D:\BEN\Franke\franke-matthias\krimi\data\v+003-006.html --> www.txten.de /franke-matthias/krimi/data v+003-006.html
2003.08.04 11:31 A D:\BEN\Franke\franke-matthias\krimi\data\v+003-007.html --> www.txten.de /franke-matthias/krimi/data v+003-007.html
2003.08.04 11:31 A D:\BEN\Franke\franke-matthias\krimi\data\v+003-008.html --> www.txten.de /franke-matthias/krimi/data v+003-008.html
2003.08.04 11:31 A D:\BEN\Franke\franke-matthias\krimi\data\v+004+000.html --> www.txten.de /franke-matthias/krimi/data v+004+000.html
2003.08.04 11:31 A D:\BEN\Franke\franke-matthias\krimi\data\v+004+001.html --> www.txten.de /franke-matthias/krimi/data v+004+001.html
2003.08.04 11:31 A D:\BEN\Franke\franke-matthias\krimi\data\v+004+002.html --> www.txten.de /franke-matthias/krimi/data v+004+002.html
2003.08.04 11:31 A D:\BEN\Franke\franke-matthias\krimi\data\v+004+003.html --> www.txten.de /franke-matthias/krimi/data v+004+003.html
2003.08.04 11:31 A D:\BEN\Franke\franke-matthias\krimi\data\v+004+004.html --> www.txten.de /franke-matthias/krimi/data v+004+004.html
2003.08.04 11:31 A D:\BEN\Franke\franke-matthias\krimi\data\v+004+005.html --> www.txten.de /franke-matthias/krimi/data v+004+005.html
2003.08.04 11:31 A D:\BEN\Franke\franke-matthias\krimi\data\v+004+006.html --> www.txten.de /franke-matthias/krimi/data v+004+006.html
2003.08.04 11:31 A D:\BEN\Franke\franke-matthias\krimi\data\v+004+007.html --> www.txten.de /franke-matthias/krimi/data v+004+007.html
2003.08.04 11:31 A D:\BEN\Franke\franke-matthias\krimi\data\v+004-001.html --> www.txten.de /franke-matthias/krimi/data v+004-001.html
2003.08.04 11:31 A D:\BEN\Franke\franke-matthias\krimi\data\v+004-002.html --> www.txten.de /franke-matthias/krimi/data v+004-002.html
2003.08.04 11:31 A D:\BEN\Franke\franke-matthias\krimi\data\v+004-003.html --> www.txten.de /franke-matthias/krimi/data v+004-003.html
2003.08.04 11:31 A D:\BEN\Franke\franke-matthias\krimi\data\v+004-004.html --> www.txten.de /franke-matthias/krimi/data v+004-004.html
2003.08.04 11:31 A D:\BEN\Franke\franke-matthias\krimi\data\v+004-005.html --> www.txten.de /franke-matthias/krimi/data v+004-005.html
2003.08.04 11:31 A D:\BEN\Franke\franke-matthias\krimi\data\v+004-006.html --> www.txten.de /franke-matthias/krimi/data v+004-006.html
2003.08.04 11:31 A D:\BEN\Franke\franke-matthias\krimi\data\v+004-007.html --> www.txten.de /franke-matthias/krimi/data v+004-007.html
2003.08.04 11:31 A D:\BEN\Franke\franke-matthias\krimi\data\v+004-008.html --> www.txten.de /franke-matthias/krimi/data v+004-008.html
2003.08.04 11:31 A D:\BEN\Franke\franke-matthias\krimi\data\v+005+000.html --> www.txten.de /franke-matthias/krimi/data v+005+000.html
2003.08.04 11:31 A D:\BEN\Franke\franke-matthias\krimi\data\v+005+001.html --> www.txten.de /franke-matthias/krimi/data v+005+001.html
2003.08.04 11:31 A D:\BEN\Franke\franke-matthias\krimi\data\v+005+002.html --> www.txten.de /franke-matthias/krimi/data v+005+002.html
2003.08.04 11:31 A D:\BEN\Franke\franke-matthias\krimi\data\v+005+003.html --> www.txten.de /franke-matthias/krimi/data v+005+003.html
2003.08.04 11:31 A D:\BEN\Franke\franke-matthias\krimi\data\v+005+004.html --> www.txten.de /franke-matthias/krimi/data v+005+004.html
2003.08.04 11:31 A D:\BEN\Franke\franke-matthias\krimi\data\v+005+005.html --> www.txten.de /franke-matthias/krimi/data v+005+005.html
2003.08.04 11:31 A D:\BEN\Franke\franke-matthias\krimi\data\v+005+006.html --> www.txten.de /franke-matthias/krimi/data v+005+006.html
2003.08.04 11:31 A D:\BEN\Franke\franke-matthias\krimi\data\v+005+007.html --> www.txten.de /franke-matthias/krimi/data v+005+007.html
2003.08.04 11:31 A D:\BEN\Franke\franke-matthias\krimi\data\v+005-001.html --> www.txten.de /franke-matthias/krimi/data v+005-001.html
2003.08.04 11:31 A D:\BEN\Franke\franke-matthias\krimi\data\v+005-002.html --> www.txten.de /franke-matthias/krimi/data v+005-002.html
2003.08.04 11:31 A D:\BEN\Franke\franke-matthias\krimi\data\v+005-003.html --> www.txten.de /franke-matthias/krimi/data v+005-003.html
2003.08.04 11:31 A D:\BEN\Franke\franke-matthias\krimi\data\v+005-004.html --> www.txten.de /franke-matthias/krimi/data v+005-004.html
2003.08.04 11:31 A D:\BEN\Franke\franke-matthias\krimi\data\v+005-005.html --> www.txten.de /franke-matthias/krimi/data v+005-005.html
2003.08.04 11:31 A D:\BEN\Franke\franke-matthias\krimi\data\v+005-006.html --> www.txten.de /franke-matthias/krimi/data v+005-006.html
2003.08.04 11:31 A D:\BEN\Franke\franke-matthias\krimi\data\v+005-007.html --> www.txten.de /franke-matthias/krimi/data v+005-007.html
2003.08.04 11:31 A D:\BEN\Franke\franke-matthias\krimi\data\v+005-008.html --> www.txten.de /franke-matthias/krimi/data v+005-008.html
2003.08.04 11:31 A D:\BEN\Franke\franke-matthias\krimi\data\v+006+000.html --> www.txten.de /franke-matthias/krimi/data v+006+000.html
2003.08.04 11:31 A D:\BEN\Franke\franke-matthias\krimi\data\v+006+001.html --> www.txten.de /franke-matthias/krimi/data v+006+001.html
2003.08.04 11:31 A D:\BEN\Franke\franke-matthias\krimi\data\v+006+002.html --> www.txten.de /franke-matthias/krimi/data v+006+002.html
2003.08.04 11:31 A D:\BEN\Franke\franke-matthias\krimi\data\v+006+003.html --> www.txten.de /franke-matthias/krimi/data v+006+003.html
2003.08.04 11:31 A D:\BEN\Franke\franke-matthias\krimi\data\v+006+004.html --> www.txten.de /franke-matthias/krimi/data v+006+004.html
2003.08.04 11:31 A D:\BEN\Franke\franke-matthias\krimi\data\v+006+005.html --> www.txten.de /franke-matthias/krimi/data v+006+005.html
2003.08.04 11:31 A D:\BEN\Franke\franke-matthias\krimi\data\v+006+006.html --> www.txten.de /franke-matthias/krimi/data v+006+006.html
2003.08.04 11:31 A D:\BEN\Franke\franke-matthias\krimi\data\v+006+007.html --> www.txten.de /franke-matthias/krimi/data v+006+007.html
2003.08.04 11:31 A D:\BEN\Franke\franke-matthias\krimi\data\v+006-001.html --> www.txten.de /franke-matthias/krimi/data v+006-001.html
2003.08.04 11:31 A D:\BEN\Franke\franke-matthias\krimi\data\v+006-002.html --> www.txten.de /franke-matthias/krimi/data v+006-002.html
2003.08.04 11:31 A D:\BEN\Franke\franke-matthias\krimi\data\v+006-003.html --> www.txten.de /franke-matthias/krimi/data v+006-003.html
2003.08.04 11:31 A D:\BEN\Franke\franke-matthias\krimi\data\v+006-004.html --> www.txten.de /franke-matthias/krimi/data v+006-004.html
2003.08.04 11:31 A D:\BEN\Franke\franke-matthias\krimi\data\v+006-005.html --> www.txten.de /franke-matthias/krimi/data v+006-005.html
2003.08.04 11:31 A D:\BEN\Franke\franke-matthias\krimi\data\v+006-006.html --> www.txten.de /franke-matthias/krimi/data v+006-006.html
2003.08.04 11:31 A D:\BEN\Franke\franke-matthias\krimi\data\v+006-007.html --> www.txten.de /franke-matthias/krimi/data v+006-007.html
2003.08.04 11:31 A D:\BEN\Franke\franke-matthias\krimi\data\v+006-008.html --> www.txten.de /franke-matthias/krimi/data v+006-008.html
2003.08.04 11:31 A D:\BEN\Franke\franke-matthias\krimi\data\v+007+000.html --> www.txten.de /franke-matthias/krimi/data v+007+000.html
2003.08.04 11:31 A D:\BEN\Franke\franke-matthias\krimi\data\v+007+001.html --> www.txten.de /franke-matthias/krimi/data v+007+001.html
2003.08.04 11:31 A D:\BEN\Franke\franke-matthias\krimi\data\v+007+002.html --> www.txten.de /franke-matthias/krimi/data v+007+002.html
2003.08.04 11:31 A D:\BEN\Franke\franke-matthias\krimi\data\v+007+003.html --> www.txten.de /franke-matthias/krimi/data v+007+003.html
2003.08.04 11:31 A D:\BEN\Franke\franke-matthias\krimi\data\v+007+004.html --> www.txten.de /franke-matthias/krimi/data v+007+004.html
2003.08.04 11:31 A D:\BEN\Franke\franke-matthias\krimi\data\v+007+005.html --> www.txten.de /franke-matthias/krimi/data v+007+005.html
2003.08.04 11:31 A D:\BEN\Franke\franke-matthias\krimi\data\v+007+006.html --> www.txten.de /franke-matthias/krimi/data v+007+006.html
2003.08.04 11:31 A D:\BEN\Franke\franke-matthias\krimi\data\v+007+007.html --> www.txten.de /franke-matthias/krimi/data v+007+007.html
2003.08.04 11:31 A D:\BEN\Franke\franke-matthias\krimi\data\v+007-001.html --> www.txten.de /franke-matthias/krimi/data v+007-001.html
2003.08.04 11:31 A D:\BEN\Franke\franke-matthias\krimi\data\v+007-002.html --> www.txten.de /franke-matthias/krimi/data v+007-002.html
2003.08.04 11:31 A D:\BEN\Franke\franke-matthias\krimi\data\v+007-003.html --> www.txten.de /franke-matthias/krimi/data v+007-003.html
2003.08.04 11:31 A D:\BEN\Franke\franke-matthias\krimi\data\v+007-004.html --> www.txten.de /franke-matthias/krimi/data v+007-004.html
2003.08.04 11:31 A D:\BEN\Franke\franke-matthias\krimi\data\v+007-005.html --> www.txten.de /franke-matthias/krimi/data v+007-005.html
2003.08.04 11:31 A D:\BEN\Franke\franke-matthias\krimi\data\v+007-006.html --> www.txten.de /franke-matthias/krimi/data v+007-006.html
2003.08.04 11:31 A D:\BEN\Franke\franke-matthias\krimi\data\v+007-007.html --> www.txten.de /franke-matthias/krimi/data v+007-007.html
2003.08.04 11:31 A D:\BEN\Franke\franke-matthias\krimi\data\v+007-008.html --> www.txten.de /franke-matthias/krimi/data v+007-008.html
2003.08.04 11:31 A D:\BEN\Franke\franke-matthias\krimi\data\v+008+000.html --> www.txten.de /franke-matthias/krimi/data v+008+000.html
2003.08.04 11:31 A D:\BEN\Franke\franke-matthias\krimi\data\v+008+001.html --> www.txten.de /franke-matthias/krimi/data v+008+001.html
2003.08.04 11:31 A D:\BEN\Franke\franke-matthias\krimi\data\v+008+002.html --> www.txten.de /franke-matthias/krimi/data v+008+002.html
2003.08.04 11:31 A D:\BEN\Franke\franke-matthias\krimi\data\v+008+003.html --> www.txten.de /franke-matthias/krimi/data v+008+003.html
2003.08.04 11:31 A D:\BEN\Franke\franke-matthias\krimi\data\v+008+004.html --> www.txten.de /franke-matthias/krimi/data v+008+004.html
2003.08.04 11:31 A D:\BEN\Franke\franke-matthias\krimi\data\v+008+005.html --> www.txten.de /franke-matthias/krimi/data v+008+005.html
2003.08.04 11:31 A D:\BEN\Franke\franke-matthias\krimi\data\v+008+006.html --> www.txten.de /franke-matthias/krimi/data v+008+006.html
2003.08.04 11:31 A D:\BEN\Franke\franke-matthias\krimi\data\v+008+007.html --> www.txten.de /franke-matthias/krimi/data v+008+007.html
2003.08.04 11:31 A D:\BEN\Franke\franke-matthias\krimi\data\v+008-001.html --> www.txten.de /franke-matthias/krimi/data v+008-001.html
2003.08.04 11:31 A D:\BEN\Franke\franke-matthias\krimi\data\v+008-002.html --> www.txten.de /franke-matthias/krimi/data v+008-002.html
2003.08.04 11:31 A D:\BEN\Franke\franke-matthias\krimi\data\v+008-003.html --> www.txten.de /franke-matthias/krimi/data v+008-003.html
2003.08.04 11:31 A D:\BEN\Franke\franke-matthias\krimi\data\v+008-004.html --> www.txten.de /franke-matthias/krimi/data v+008-004.html
2003.08.04 11:31 A D:\BEN\Franke\franke-matthias\krimi\data\v+008-005.html --> www.txten.de /franke-matthias/krimi/data v+008-005.html
2003.08.04 11:31 A D:\BEN\Franke\franke-matthias\krimi\data\v+008-006.html --> www.txten.de /franke-matthias/krimi/data v+008-006.html
2003.08.04 11:31 A D:\BEN\Franke\franke-matthias\krimi\data\v+008-007.html --> www.txten.de /franke-matthias/krimi/data v+008-007.html
2003.08.04 11:31 A D:\BEN\Franke\franke-matthias\krimi\data\v+008-008.html --> www.txten.de /franke-matthias/krimi/data v+008-008.html
2003.08.04 11:31 A D:\BEN\Franke\franke-matthias\krimi\data\v-001+000.html --> www.txten.de /franke-matthias/krimi/data v-001+000.html
2003.08.04 11:31 A D:\BEN\Franke\franke-matthias\krimi\data\v-001+001.html --> www.txten.de /franke-matthias/krimi/data v-001+001.html
2003.08.04 11:31 A D:\BEN\Franke\franke-matthias\krimi\data\v-001+002.html --> www.txten.de /franke-matthias/krimi/data v-001+002.html
2003.08.04 11:31 A D:\BEN\Franke\franke-matthias\krimi\data\v-001+003.html --> www.txten.de /franke-matthias/krimi/data v-001+003.html
2003.08.04 11:31 A D:\BEN\Franke\franke-matthias\krimi\data\v-001+004.html --> www.txten.de /franke-matthias/krimi/data v-001+004.html
2003.08.04 11:31 A D:\BEN\Franke\franke-matthias\krimi\data\v-001+005.html --> www.txten.de /franke-matthias/krimi/data v-001+005.html
2003.08.04 11:31 A D:\BEN\Franke\franke-matthias\krimi\data\v-001+006.html --> www.txten.de /franke-matthias/krimi/data v-001+006.html
2003.08.04 11:31 A D:\BEN\Franke\franke-matthias\krimi\data\v-001+007.html --> www.txten.de /franke-matthias/krimi/data v-001+007.html
2003.08.04 11:31 A D:\BEN\Franke\franke-matthias\krimi\data\v-001-001.html --> www.txten.de /franke-matthias/krimi/data v-001-001.html
2003.08.04 11:31 A D:\BEN\Franke\franke-matthias\krimi\data\v-001-002.html --> www.txten.de /franke-matthias/krimi/data v-001-002.html
2003.08.04 11:31 A D:\BEN\Franke\franke-matthias\krimi\data\v-001-003.html --> www.txten.de /franke-matthias/krimi/data v-001-003.html
2003.08.04 11:31 A D:\BEN\Franke\franke-matthias\krimi\data\v-001-004.html --> www.txten.de /franke-matthias/krimi/data v-001-004.html
2003.08.04 11:31 A D:\BEN\Franke\franke-matthias\krimi\data\v-001-005.html --> www.txten.de /franke-matthias/krimi/data v-001-005.html
2003.08.04 11:31 A D:\BEN\Franke\franke-matthias\krimi\data\v-001-006.html --> www.txten.de /franke-matthias/krimi/data v-001-006.html
2003.08.04 11:31 A D:\BEN\Franke\franke-matthias\krimi\data\v-001-007.html --> www.txten.de /franke-matthias/krimi/data v-001-007.html
2003.08.04 11:31 A D:\BEN\Franke\franke-matthias\krimi\data\v-001-008.html --> www.txten.de /franke-matthias/krimi/data v-001-008.html
2003.08.04 11:31 A D:\BEN\Franke\franke-matthias\krimi\data\v-002+000.html --> www.txten.de /franke-matthias/krimi/data v-002+000.html
2003.08.04 11:31 A D:\BEN\Franke\franke-matthias\krimi\data\v-002+001.html --> www.txten.de /franke-matthias/krimi/data v-002+001.html
2003.08.04 11:31 A D:\BEN\Franke\franke-matthias\krimi\data\v-002+002.html --> www.txten.de /franke-matthias/krimi/data v-002+002.html
2003.08.04 11:31 A D:\BEN\Franke\franke-matthias\krimi\data\v-002+003.html --> www.txten.de /franke-matthias/krimi/data v-002+003.html
2003.08.04 11:31 A D:\BEN\Franke\franke-matthias\krimi\data\v-002+004.html --> www.txten.de /franke-matthias/krimi/data v-002+004.html
2003.08.04 11:31 A D:\BEN\Franke\franke-matthias\krimi\data\v-002+005.html --> www.txten.de /franke-matthias/krimi/data v-002+005.html
2003.08.04 11:31 A D:\BEN\Franke\franke-matthias\krimi\data\v-002+006.html --> www.txten.de /franke-matthias/krimi/data v-002+006.html
2003.08.04 11:31 A D:\BEN\Franke\franke-matthias\krimi\data\v-002+007.html --> www.txten.de /franke-matthias/krimi/data v-002+007.html
2003.08.04 11:31 A D:\BEN\Franke\franke-matthias\krimi\data\v-002-001.html --> www.txten.de /franke-matthias/krimi/data v-002-001.html
2003.08.04 11:31 A D:\BEN\Franke\franke-matthias\krimi\data\v-002-002.html --> www.txten.de /franke-matthias/krimi/data v-002-002.html
2003.08.04 11:31 A D:\BEN\Franke\franke-matthias\krimi\data\v-002-003.html --> www.txten.de /franke-matthias/krimi/data v-002-003.html
2003.08.04 11:31 A D:\BEN\Franke\franke-matthias\krimi\data\v-002-004.html --> www.txten.de /franke-matthias/krimi/data v-002-004.html
2003.08.04 11:31 A D:\BEN\Franke\franke-matthias\krimi\data\v-002-005.html --> www.txten.de /franke-matthias/krimi/data v-002-005.html
2003.08.04 11:31 A D:\BEN\Franke\franke-matthias\krimi\data\v-002-006.html --> www.txten.de /franke-matthias/krimi/data v-002-006.html
2003.08.04 11:31 A D:\BEN\Franke\franke-matthias\krimi\data\v-002-007.html --> www.txten.de /franke-matthias/krimi/data v-002-007.html
2003.08.04 11:31 A D:\BEN\Franke\franke-matthias\krimi\data\v-002-008.html --> www.txten.de /franke-matthias/krimi/data v-002-008.html
2003.08.04 11:31 A D:\BEN\Franke\franke-matthias\krimi\data\v-003+000.html --> www.txten.de /franke-matthias/krimi/data v-003+000.html
2003.08.04 11:31 A D:\BEN\Franke\franke-matthias\krimi\data\v-003+001.html --> www.txten.de /franke-matthias/krimi/data v-003+001.html
2003.08.04 11:31 A D:\BEN\Franke\franke-matthias\krimi\data\v-003+002.html --> www.txten.de /franke-matthias/krimi/data v-003+002.html
2003.08.04 11:31 A D:\BEN\Franke\franke-matthias\krimi\data\v-003+003.html --> www.txten.de /franke-matthias/krimi/data v-003+003.html
2003.08.04 11:31 A D:\BEN\Franke\franke-matthias\krimi\data\v-003+004.html --> www.txten.de /franke-matthias/krimi/data v-003+004.html
2003.08.04 11:31 A D:\BEN\Franke\franke-matthias\krimi\data\v-003+005.html --> www.txten.de /franke-matthias/krimi/data v-003+005.html
2003.08.04 11:31 A D:\BEN\Franke\franke-matthias\krimi\data\v-003+006.html --> www.txten.de /franke-matthias/krimi/data v-003+006.html
2003.08.04 11:31 A D:\BEN\Franke\franke-matthias\krimi\data\v-003+007.html --> www.txten.de /franke-matthias/krimi/data v-003+007.html
2003.08.04 11:31 A D:\BEN\Franke\franke-matthias\krimi\data\v-003-001.html --> www.txten.de /franke-matthias/krimi/data v-003-001.html
2003.08.04 11:31 A D:\BEN\Franke\franke-matthias\krimi\data\v-003-002.html --> www.txten.de /franke-matthias/krimi/data v-003-002.html
2003.08.04 11:31 A D:\BEN\Franke\franke-matthias\krimi\data\v-003-003.html --> www.txten.de /franke-matthias/krimi/data v-003-003.html
2003.08.04 11:31 A D:\BEN\Franke\franke-matthias\krimi\data\v-003-004.html --> www.txten.de /franke-matthias/krimi/data v-003-004.html
2003.08.04 11:31 A D:\BEN\Franke\franke-matthias\krimi\data\v-003-005.html --> www.txten.de /franke-matthias/krimi/data v-003-005.html
2003.08.04 11:31 A D:\BEN\Franke\franke-matthias\krimi\data\v-003-006.html --> www.txten.de /franke-matthias/krimi/data v-003-006.html
2003.08.04 11:31 A D:\BEN\Franke\franke-matthias\krimi\data\v-003-007.html --> www.txten.de /franke-matthias/krimi/data v-003-007.html
2003.08.04 11:31 A D:\BEN\Franke\franke-matthias\krimi\data\v-003-008.html --> www.txten.de /franke-matthias/krimi/data v-003-008.html
2003.08.04 11:31 A D:\BEN\Franke\franke-matthias\krimi\data\v-004+000.html --> www.txten.de /franke-matthias/krimi/data v-004+000.html
2003.08.04 11:31 A D:\BEN\Franke\franke-matthias\krimi\data\v-004+001.html --> www.txten.de /franke-matthias/krimi/data v-004+001.html
2003.08.04 11:31 A D:\BEN\Franke\franke-matthias\krimi\data\v-004+002.html --> www.txten.de /franke-matthias/krimi/data v-004+002.html
2003.08.04 11:31 A D:\BEN\Franke\franke-matthias\krimi\data\v-004+003.html --> www.txten.de /franke-matthias/krimi/data v-004+003.html
2003.08.04 11:31 A D:\BEN\Franke\franke-matthias\krimi\data\v-004+004.html --> www.txten.de /franke-matthias/krimi/data v-004+004.html
2003.08.04 11:31 A D:\BEN\Franke\franke-matthias\krimi\data\v-004+005.html --> www.txten.de /franke-matthias/krimi/data v-004+005.html
2003.08.04 11:31 A D:\BEN\Franke\franke-matthias\krimi\data\v-004+006.html --> www.txten.de /franke-matthias/krimi/data v-004+006.html
2003.08.04 11:31 A D:\BEN\Franke\franke-matthias\krimi\data\v-004+007.html --> www.txten.de /franke-matthias/krimi/data v-004+007.html
2003.08.04 11:31 A D:\BEN\Franke\franke-matthias\krimi\data\v-004-001.html --> www.txten.de /franke-matthias/krimi/data v-004-001.html
2003.08.04 11:31 A D:\BEN\Franke\franke-matthias\krimi\data\v-004-002.html --> www.txten.de /franke-matthias/krimi/data v-004-002.html
2003.08.04 11:31 A D:\BEN\Franke\franke-matthias\krimi\data\v-004-003.html --> www.txten.de /franke-matthias/krimi/data v-004-003.html
2003.08.04 11:31 A D:\BEN\Franke\franke-matthias\krimi\data\v-004-004.html --> www.txten.de /franke-matthias/krimi/data v-004-004.html
2003.08.04 11:31 A D:\BEN\Franke\franke-matthias\krimi\data\v-004-005.html --> www.txten.de /franke-matthias/krimi/data v-004-005.html
2003.08.04 11:31 A D:\BEN\Franke\franke-matthias\krimi\data\v-004-006.html --> www.txten.de /franke-matthias/krimi/data v-004-006.html
2003.08.04 11:31 A D:\BEN\Franke\franke-matthias\krimi\data\v-004-007.html --> www.txten.de /franke-matthias/krimi/data v-004-007.html
2003.08.04 11:31 A D:\BEN\Franke\franke-matthias\krimi\data\v-004-008.html --> www.txten.de /franke-matthias/krimi/data v-004-008.html
2003.08.04 11:31 A D:\BEN\Franke\franke-matthias\krimi\data\v-005+000.html --> www.txten.de /franke-matthias/krimi/data v-005+000.html
2003.08.04 11:31 A D:\BEN\Franke\franke-matthias\krimi\data\v-005+001.html --> www.txten.de /franke-matthias/krimi/data v-005+001.html
2003.08.04 11:31 A D:\BEN\Franke\franke-matthias\krimi\data\v-005+002.html --> www.txten.de /franke-matthias/krimi/data v-005+002.html
2003.08.04 11:31 A D:\BEN\Franke\franke-matthias\krimi\data\v-005+003.html --> www.txten.de /franke-matthias/krimi/data v-005+003.html
2003.08.04 11:31 A D:\BEN\Franke\franke-matthias\krimi\data\v-005+004.html --> www.txten.de /franke-matthias/krimi/data v-005+004.html
2003.08.04 11:31 A D:\BEN\Franke\franke-matthias\krimi\data\v-005+005.html --> www.txten.de /franke-matthias/krimi/data v-005+005.html
2003.08.04 11:31 A D:\BEN\Franke\franke-matthias\krimi\data\v-005+006.html --> www.txten.de /franke-matthias/krimi/data v-005+006.html
2003.08.04 11:31 A D:\BEN\Franke\franke-matthias\krimi\data\v-005+007.html --> www.txten.de /franke-matthias/krimi/data v-005+007.html
2003.08.04 11:31 A D:\BEN\Franke\franke-matthias\krimi\data\v-005-001.html --> www.txten.de /franke-matthias/krimi/data v-005-001.html
2003.08.04 11:31 A D:\BEN\Franke\franke-matthias\krimi\data\v-005-002.html --> www.txten.de /franke-matthias/krimi/data v-005-002.html
2003.08.04 11:31 A D:\BEN\Franke\franke-matthias\krimi\data\v-005-003.html --> www.txten.de /franke-matthias/krimi/data v-005-003.html
2003.08.04 11:31 A D:\BEN\Franke\franke-matthias\krimi\data\v-005-004.html --> www.txten.de /franke-matthias/krimi/data v-005-004.html
2003.08.04 11:31 A D:\BEN\Franke\franke-matthias\krimi\data\v-005-005.html --> www.txten.de /franke-matthias/krimi/data v-005-005.html
2003.08.04 11:31 A D:\BEN\Franke\franke-matthias\krimi\data\v-005-006.html --> www.txten.de /franke-matthias/krimi/data v-005-006.html
2003.08.04 11:31 A D:\BEN\Franke\franke-matthias\krimi\data\v-005-007.html --> www.txten.de /franke-matthias/krimi/data v-005-007.html
2003.08.04 11:31 A D:\BEN\Franke\franke-matthias\krimi\data\v-005-008.html --> www.txten.de /franke-matthias/krimi/data v-005-008.html
2003.08.04 11:31 A D:\BEN\Franke\franke-matthias\krimi\data\vHomePage.html --> www.txten.de /franke-matthias/krimi/data vHomePage.html
2003.08.04 11:31 A D:\BEN\Franke\franke-matthias\krimi\data\vNavigation.html --> www.txten.de /franke-matthias/krimi/data vNavigation.html
