2003.08.04 11:00 B D:\BEN\Franke\franke-matthias\favicon.ico <-- txten.de /franke-matthias favicon.ico
2003.08.04 11:00 A D:\BEN\Franke\franke-matthias\index.html <-- txten.de /franke-matthias index.htm
2003.08.04 11:00 A D:\BEN\Franke\franke-matthias\index.html <-- txten.de /franke-matthias index.html
2003.08.04 11:00 B D:\BEN\Franke\franke-matthias\indmstyl.css <-- txten.de /franke-matthias indmstyl.css
2003.08.04 11:00 B D:\BEN\Franke\franke-matthias\indparbd.gif <-- txten.de /franke-matthias indparbd.gif
2003.08.04 11:00 B D:\BEN\Franke\franke-matthias\indparbl.gif <-- txten.de /franke-matthias indparbl.gif
2003.08.04 11:00 B D:\BEN\Franke\franke-matthias\indparbr.gif <-- txten.de /franke-matthias indparbr.gif
2003.08.04 11:00 B D:\BEN\Franke\franke-matthias\indparbu.gif <-- txten.de /franke-matthias indparbu.gif
2003.08.04 11:00 B D:\BEN\Franke\franke-matthias\indparrn.gif <-- txten.de /franke-matthias indparrn.gif
2003.08.04 11:00 B D:\BEN\Franke\franke-matthias\indparrr.gif <-- txten.de /franke-matthias indparrr.gif
2003.08.04 11:00 B D:\BEN\Franke\franke-matthias\indpback.gif <-- txten.de /franke-matthias indpback.gif
2003.08.04 11:00 B D:\BEN\Franke\franke-matthias\indptarw.gif <-- txten.de /franke-matthias indptarw.gif
2003.08.04 11:00 B D:\BEN\Franke\franke-matthias\indpxmail.gif <-- txten.de /franke-matthias indpxmail.gif
2003.08.04 11:00 B D:\BEN\Franke\franke-matthias\indslink.js <-- txten.de /franke-matthias indslink.js
2003.08.04 11:00 B D:\BEN\Franke\franke-matthias\indsnarr.js <-- txten.de /franke-matthias indsnarr.js
2003.08.04 11:00 B D:\BEN\Franke\franke-matthias\indsncon.js <-- txten.de /franke-matthias indsncon.js
2003.08.04 11:00 B D:\BEN\Franke\franke-matthias\indsnmen.js <-- txten.de /franke-matthias indsnmen.js
2003.08.04 11:00 A D:\BEN\Franke\franke-matthias\j.html <-- txten.de /franke-matthias j.htm
2003.08.04 11:00 A D:\BEN\Franke\franke-matthias\j.html <-- txten.de /franke-matthias j.html
2003.08.04 11:00 A D:\BEN\Franke\franke-matthias\jb.html <-- txten.de /franke-matthias jb.htm
2003.08.04 11:00 A D:\BEN\Franke\franke-matthias\jb.html <-- txten.de /franke-matthias jb.html
2003.08.04 11:00 A D:\BEN\Franke\franke-matthias\jbahschachtner.html <-- txten.de /franke-matthias jbahschachtner.htm
2003.08.04 11:00 A D:\BEN\Franke\franke-matthias\jbahschachtner.html <-- txten.de /franke-matthias jbahschachtner.html
2003.08.04 11:00 A D:\BEN\Franke\franke-matthias\jbbhcomp.html <-- txten.de /franke-matthias jbbhcomp.htm
2003.08.04 11:00 A D:\BEN\Franke\franke-matthias\jbbhcomp.html <-- txten.de /franke-matthias jbbhcomp.html
2003.08.04 11:00 A D:\BEN\Franke\franke-matthias\jbchAlpar.html <-- txten.de /franke-matthias jbchAlpar.htm
2003.08.04 11:00 A D:\BEN\Franke\franke-matthias\jbchAlpar.html <-- txten.de /franke-matthias jbchAlpar.html
2003.08.04 11:00 A D:\BEN\Franke\franke-matthias\jbdhschalt.html <-- txten.de /franke-matthias jbdhschalt.htm
2003.08.04 11:00 A D:\BEN\Franke\franke-matthias\jbdhschalt.html <-- txten.de /franke-matthias jbdhschalt.html
2003.08.04 11:00 A D:\BEN\Franke\franke-matthias\jbehhelm.html <-- txten.de /franke-matthias jbehhelm.htm
2003.08.04 11:00 A D:\BEN\Franke\franke-matthias\jbehhelm.html <-- txten.de /franke-matthias jbehhelm.html
2003.08.04 11:00 B D:\BEN\Franke\franke-matthias\jbephelm1.gif <-- txten.de /franke-matthias jbephelm1.gif
2003.08.04 11:00 B D:\BEN\Franke\franke-matthias\jbephelm2.gif <-- txten.de /franke-matthias jbephelm2.gif
2003.08.04 11:00 A D:\BEN\Franke\franke-matthias\jbghdaemm.html <-- txten.de /franke-matthias jbghdaemm.htm
2003.08.04 11:00 A D:\BEN\Franke\franke-matthias\jbghdaemm.html <-- txten.de /franke-matthias jbghdaemm.html
2003.08.04 11:00 B D:\BEN\Franke\franke-matthias\jbgpdaem1.gif <-- txten.de /franke-matthias jbgpdaem1.gif
2003.08.04 11:00 B D:\BEN\Franke\franke-matthias\jbgpdaem2.gif <-- txten.de /franke-matthias jbgpdaem2.gif
2003.08.04 11:00 A D:\BEN\Franke\franke-matthias\jbhhfuss.html <-- txten.de /franke-matthias jbhhfuss.htm
2003.08.04 11:00 A D:\BEN\Franke\franke-matthias\jbhhfuss.html <-- txten.de /franke-matthias jbhhfuss.html
2003.08.04 11:00 A D:\BEN\Franke\franke-matthias\jbihvitamin.html <-- txten.de /franke-matthias jbihvitamin.htm
2003.08.04 11:00 A D:\BEN\Franke\franke-matthias\jbihvitamin.html <-- txten.de /franke-matthias jbihvitamin.html
2003.08.04 11:00 A D:\BEN\Franke\franke-matthias\jbjhecom.html <-- txten.de /franke-matthias jbjhecom.htm
2003.08.04 11:00 A D:\BEN\Franke\franke-matthias\jbjhecom.html <-- txten.de /franke-matthias jbjhecom.html
2003.08.04 11:00 A D:\BEN\Franke\franke-matthias\jbkhboerse.html <-- txten.de /franke-matthias jbkhboerse.htm
2003.08.04 11:00 A D:\BEN\Franke\franke-matthias\jbkhboerse.html <-- txten.de /franke-matthias jbkhboerse.html
2003.08.04 11:00 A D:\BEN\Franke\franke-matthias\jblhgolf.html <-- txten.de /franke-matthias jblhgolf.htm
2003.08.04 11:00 A D:\BEN\Franke\franke-matthias\jblhgolf.html <-- txten.de /franke-matthias jblhgolf.html
2003.08.04 11:00 A D:\BEN\Franke\franke-matthias\jbmhJacob.html <-- txten.de /franke-matthias jbmhJacob.htm
2003.08.04 11:00 A D:\BEN\Franke\franke-matthias\jbmhJacob.html <-- txten.de /franke-matthias jbmhJacob.html
2003.08.04 11:00 A D:\BEN\Franke\franke-matthias\jbnhfundland.html <-- txten.de /franke-matthias jbnhfundland.htm
2003.08.04 11:00 A D:\BEN\Franke\franke-matthias\jbnhfundland.html <-- txten.de /franke-matthias jbnhfundland.html
2003.08.04 11:00 A D:\BEN\Franke\franke-matthias\jbohloet.html <-- txten.de /franke-matthias jbohloet.htm
2003.08.04 11:00 A D:\BEN\Franke\franke-matthias\jbohloet.html <-- txten.de /franke-matthias jbohloet.html
2003.08.04 11:00 B D:\BEN\Franke\franke-matthias\jboploet.gif <-- txten.de /franke-matthias jboploet.gif
2003.08.04 11:00 A D:\BEN\Franke\franke-matthias\jbphkonz.html <-- txten.de /franke-matthias jbphkonz.htm
2003.08.04 11:00 A D:\BEN\Franke\franke-matthias\jbphkonz.html <-- txten.de /franke-matthias jbphkonz.html
2003.08.04 11:00 B D:\BEN\Franke\franke-matthias\jbppkonz.gif <-- txten.de /franke-matthias jbppkonz.gif
2003.08.04 11:00 A D:\BEN\Franke\franke-matthias\jbqhgesang.html <-- txten.de /franke-matthias jbqhgesang.htm
2003.08.04 11:00 A D:\BEN\Franke\franke-matthias\jbqhgesang.html <-- txten.de /franke-matthias jbqhgesang.html
2003.08.04 11:00 B D:\BEN\Franke\franke-matthias\jbqpgesang.gif <-- txten.de /franke-matthias jbqpgesang.gif
2003.08.04 11:00 A D:\BEN\Franke\franke-matthias\jbrhimmobil.html <-- txten.de /franke-matthias jbrhimmobil.htm
2003.08.04 11:00 A D:\BEN\Franke\franke-matthias\jbrhimmobil.html <-- txten.de /franke-matthias jbrhimmobil.html
2003.08.04 11:00 B D:\BEN\Franke\franke-matthias\jbrpimmobil.gif <-- txten.de /franke-matthias jbrpimmobil.gif
2003.08.04 11:00 A D:\BEN\Franke\franke-matthias\jbshmarkt.html <-- txten.de /franke-matthias jbshmarkt.htm
2003.08.04 11:00 A D:\BEN\Franke\franke-matthias\jbshmarkt.html <-- txten.de /franke-matthias jbshmarkt.html
2003.08.04 11:00 B D:\BEN\Franke\franke-matthias\jbspmarkt.gif <-- txten.de /franke-matthias jbspmarkt.gif
2003.08.04 11:00 A D:\BEN\Franke\franke-matthias\jbthkooper.html <-- txten.de /franke-matthias jbthkooper.htm
2003.08.04 11:00 A D:\BEN\Franke\franke-matthias\jbthkooper.html <-- txten.de /franke-matthias jbthkooper.html
2003.08.04 11:00 B D:\BEN\Franke\franke-matthias\jbtpkooper.gif <-- txten.de /franke-matthias jbtpkooper.gif
2003.08.04 11:00 A D:\BEN\Franke\franke-matthias\jk.html <-- txten.de /franke-matthias jk.htm
2003.08.04 11:00 A D:\BEN\Franke\franke-matthias\jk.html <-- txten.de /franke-matthias jk.html
2003.08.04 11:00 A D:\BEN\Franke\franke-matthias\jkk.html <-- txten.de /franke-matthias jkk.htm
2003.08.04 11:00 A D:\BEN\Franke\franke-matthias\jkk.html <-- txten.de /franke-matthias jkk.html
2003.08.04 11:00 A D:\BEN\Franke\franke-matthias\jkkhkopftuch.html <-- txten.de /franke-matthias jkkhkopftuch.htm
2003.08.04 11:00 A D:\BEN\Franke\franke-matthias\jkkhkopftuch.html <-- txten.de /franke-matthias jkkhkopftuch.html
2003.08.04 11:00 A D:\BEN\Franke\franke-matthias\jkkhrauch.html <-- txten.de /franke-matthias jkkhrauch.htm
2003.08.04 11:00 A D:\BEN\Franke\franke-matthias\jkkhrauch.html <-- txten.de /franke-matthias jkkhrauch.html
2003.08.04 11:00 A D:\BEN\Franke\franke-matthias\jkr.html <-- txten.de /franke-matthias jkr.htm
2003.08.04 11:00 A D:\BEN\Franke\franke-matthias\jkr.html <-- txten.de /franke-matthias jkr.html
2003.08.04 11:00 A D:\BEN\Franke\franke-matthias\jkrhbauman.html <-- txten.de /franke-matthias jkrhbauman.htm
2003.08.04 11:00 A D:\BEN\Franke\franke-matthias\jkrhbauman.html <-- txten.de /franke-matthias jkrhbauman.html
2003.08.04 11:00 A D:\BEN\Franke\franke-matthias\jkrhbertz.html <-- txten.de /franke-matthias jkrhbertz.htm
2003.08.04 11:00 A D:\BEN\Franke\franke-matthias\jkrhbertz.html <-- txten.de /franke-matthias jkrhbertz.html
2003.08.04 11:00 A D:\BEN\Franke\franke-matthias\jkrhbrockhaus.html <-- txten.de /franke-matthias jkrhbrockhaus.htm
2003.08.04 11:00 A D:\BEN\Franke\franke-matthias\jkrhbrockhaus.html <-- txten.de /franke-matthias jkrhbrockhaus.html
2003.08.04 11:00 A D:\BEN\Franke\franke-matthias\jkrhcasanova.html <-- txten.de /franke-matthias jkrhcasanova.htm
2003.08.04 11:00 A D:\BEN\Franke\franke-matthias\jkrhcasanova.html <-- txten.de /franke-matthias jkrhcasanova.html
2003.08.04 11:00 A D:\BEN\Franke\franke-matthias\jr.html <-- txten.de /franke-matthias jr.htm
2003.08.04 11:00 A D:\BEN\Franke\franke-matthias\jr.html <-- txten.de /franke-matthias jr.html
2003.08.04 11:00 A D:\BEN\Franke\franke-matthias\jrhfit.html <-- txten.de /franke-matthias jrhfit.htm
2003.08.04 11:00 A D:\BEN\Franke\franke-matthias\jrhfit.html <-- txten.de /franke-matthias jrhfit.html
2003.08.04 11:00 A D:\BEN\Franke\franke-matthias\jrhleberriss.html <-- txten.de /franke-matthias jrhleberriss.htm
2003.08.04 11:00 A D:\BEN\Franke\franke-matthias\jrhleberriss.html <-- txten.de /franke-matthias jrhleberriss.html
2003.08.04 11:00 A D:\BEN\Franke\franke-matthias\jrhmensa.html <-- txten.de /franke-matthias jrhmensa.htm
2003.08.04 11:00 A D:\BEN\Franke\franke-matthias\jrhmensa.html <-- txten.de /franke-matthias jrhmensa.html
2003.08.04 11:00 A D:\BEN\Franke\franke-matthias\jrhroll1.html <-- txten.de /franke-matthias jrhroll1.htm
2003.08.04 11:00 A D:\BEN\Franke\franke-matthias\jrhroll1.html <-- txten.de /franke-matthias jrhroll1.html
2003.08.04 11:00 A D:\BEN\Franke\franke-matthias\jrhtanke.html <-- txten.de /franke-matthias jrhtanke.htm
2003.08.04 11:00 A D:\BEN\Franke\franke-matthias\jrhtanke.html <-- txten.de /franke-matthias jrhtanke.html
2003.08.04 11:00 A D:\BEN\Franke\franke-matthias\jrhtelseel.html <-- txten.de /franke-matthias jrhtelseel.htm
2003.08.04 11:00 A D:\BEN\Franke\franke-matthias\jrhtelseel.html <-- txten.de /franke-matthias jrhtelseel.html
2003.08.04 11:00 A D:\BEN\Franke\franke-matthias\jrhtelseeli.html <-- txten.de /franke-matthias jrhtelseeli.htm
2003.08.04 11:00 A D:\BEN\Franke\franke-matthias\jrhtelseeli.html <-- txten.de /franke-matthias jrhtelseeli.html
2003.08.04 11:00 A D:\BEN\Franke\franke-matthias\jrhweihn.html <-- txten.de /franke-matthias jrhweihn.htm
2003.08.04 11:00 A D:\BEN\Franke\franke-matthias\jrhweihn.html <-- txten.de /franke-matthias jrhweihn.html
2003.08.04 11:00 A D:\BEN\Franke\franke-matthias\l.html <-- txten.de /franke-matthias l.htm
2003.08.04 11:00 A D:\BEN\Franke\franke-matthias\l.html <-- txten.de /franke-matthias l.html
2003.08.04 11:00 A D:\BEN\Franke\franke-matthias\ll.html <-- txten.de /franke-matthias ll.htm
2003.08.04 11:00 A D:\BEN\Franke\franke-matthias\ll.html <-- txten.de /franke-matthias ll.html
2003.08.04 11:01 A D:\BEN\Franke\franke-matthias\llhphoenix.html <-- txten.de /franke-matthias llhphoenix.htm
2003.08.04 11:01 A D:\BEN\Franke\franke-matthias\llhphoenix.html <-- txten.de /franke-matthias llhphoenix.html
2003.08.04 11:01 A D:\BEN\Franke\franke-matthias\lp.html <-- txten.de /franke-matthias lp.htm
2003.08.04 11:01 A D:\BEN\Franke\franke-matthias\lp.html <-- txten.de /franke-matthias lp.html
2003.08.04 11:01 A D:\BEN\Franke\franke-matthias\lphbrueller.html <-- txten.de /franke-matthias lphbrueller.htm
2003.08.04 11:01 A D:\BEN\Franke\franke-matthias\lphbrueller.html <-- txten.de /franke-matthias lphbrueller.html
2003.08.04 11:01 A D:\BEN\Franke\franke-matthias\lphverlierer.html <-- txten.de /franke-matthias lphverlierer.htm
2003.08.04 11:01 A D:\BEN\Franke\franke-matthias\lphverlierer.html <-- txten.de /franke-matthias lphverlierer.html
2003.08.04 11:01 A D:\BEN\Franke\franke-matthias\m.html <-- txten.de /franke-matthias m.htm
2003.08.04 11:01 A D:\BEN\Franke\franke-matthias\m.html <-- txten.de /franke-matthias m.html
2003.08.04 11:01 B D:\BEN\Franke\franke-matthias\mmstyl.css <-- txten.de /franke-matthias mmstyl.css
2003.08.04 11:01 B D:\BEN\Franke\franke-matthias\mpme.jpg <-- txten.de /franke-matthias mpme.jpg
2003.08.04 11:01 A D:\BEN\Franke\franke-matthias\mu01.html <-- txten.de /franke-matthias mu01.htm
2003.08.04 11:01 A D:\BEN\Franke\franke-matthias\mu01.html <-- txten.de /franke-matthias mu01.html
2003.08.04 11:01 B D:\BEN\Franke\franke-matthias\mu01p.gif <-- txten.de /franke-matthias mu01p.gif
2003.08.04 11:01 A D:\BEN\Franke\franke-matthias\mu02.html <-- txten.de /franke-matthias mu02.htm
2003.08.04 11:01 A D:\BEN\Franke\franke-matthias\mu02.html <-- txten.de /franke-matthias mu02.html
2003.08.04 11:01 B D:\BEN\Franke\franke-matthias\mu02p.jpg <-- txten.de /franke-matthias mu02p.jpg
2003.08.04 11:01 A D:\BEN\Franke\franke-matthias\mu03.html <-- txten.de /franke-matthias mu03.htm
2003.08.04 11:01 A D:\BEN\Franke\franke-matthias\mu03.html <-- txten.de /franke-matthias mu03.html
2003.08.04 11:01 B D:\BEN\Franke\franke-matthias\mu03pa.jpg <-- txten.de /franke-matthias mu03pa.jpg
2003.08.04 11:01 B D:\BEN\Franke\franke-matthias\mu03pb.jpg <-- txten.de /franke-matthias mu03pb.jpg
2003.08.04 11:01 A D:\BEN\Franke\franke-matthias\mu04.html <-- txten.de /franke-matthias mu04.htm
2003.08.04 11:01 A D:\BEN\Franke\franke-matthias\mu04.html <-- txten.de /franke-matthias mu04.html
2003.08.04 11:01 B D:\BEN\Franke\franke-matthias\mu04pa.jpg <-- txten.de /franke-matthias mu04pa.jpg
2003.08.04 11:01 B D:\BEN\Franke\franke-matthias\mu04pb.jpg <-- txten.de /franke-matthias mu04pb.jpg
2003.08.04 11:01 B D:\BEN\Franke\franke-matthias\mu04pc.jpg <-- txten.de /franke-matthias mu04pc.jpg
2003.08.04 11:01 B D:\BEN\Franke\franke-matthias\mu04pd.jpg <-- txten.de /franke-matthias mu04pd.jpg
2003.08.04 11:01 A D:\BEN\Franke\franke-matthias\mu05.html <-- txten.de /franke-matthias mu05.htm
2003.08.04 11:01 A D:\BEN\Franke\franke-matthias\mu05.html <-- txten.de /franke-matthias mu05.html
2003.08.04 11:01 B D:\BEN\Franke\franke-matthias\mu05p.jpg <-- txten.de /franke-matthias mu05p.jpg
2003.08.04 11:01 A D:\BEN\Franke\franke-matthias\mu06.html <-- txten.de /franke-matthias mu06.htm
2003.08.04 11:01 A D:\BEN\Franke\franke-matthias\mu06.html <-- txten.de /franke-matthias mu06.html
2003.08.04 11:01 B D:\BEN\Franke\franke-matthias\mu06p.jpg <-- txten.de /franke-matthias mu06p.jpg
2003.08.04 11:01 A D:\BEN\Franke\franke-matthias\mu07.html <-- txten.de /franke-matthias mu07.htm
2003.08.04 11:01 A D:\BEN\Franke\franke-matthias\mu07.html <-- txten.de /franke-matthias mu07.html
2003.08.04 11:01 B D:\BEN\Franke\franke-matthias\mu07p.jpg <-- txten.de /franke-matthias mu07p.jpg
2003.08.04 11:01 A D:\BEN\Franke\franke-matthias\mu08.html <-- txten.de /franke-matthias mu08.htm
2003.08.04 11:01 A D:\BEN\Franke\franke-matthias\mu08.html <-- txten.de /franke-matthias mu08.html
2003.08.04 11:01 B D:\BEN\Franke\franke-matthias\mu08p.jpg <-- txten.de /franke-matthias mu08p.jpg
2003.08.04 11:01 A D:\BEN\Franke\franke-matthias\mu09.html <-- txten.de /franke-matthias mu09.htm
2003.08.04 11:01 A D:\BEN\Franke\franke-matthias\mu09.html <-- txten.de /franke-matthias mu09.html
2003.08.04 11:01 B D:\BEN\Franke\franke-matthias\mu09p.jpg <-- txten.de /franke-matthias mu09p.jpg
2003.08.04 11:01 A D:\BEN\Franke\franke-matthias\mu10.html <-- txten.de /franke-matthias mu10.htm
2003.08.04 11:01 A D:\BEN\Franke\franke-matthias\mu10.html <-- txten.de /franke-matthias mu10.html
2003.08.04 11:01 B D:\BEN\Franke\franke-matthias\mu10p.jpg <-- txten.de /franke-matthias mu10p.jpg
2003.08.04 11:01 A D:\BEN\Franke\franke-matthias\mu11.html <-- txten.de /franke-matthias mu11.htm
2003.08.04 11:01 A D:\BEN\Franke\franke-matthias\mu11.html <-- txten.de /franke-matthias mu11.html
2003.08.04 11:01 B D:\BEN\Franke\franke-matthias\mu11p.jpg <-- txten.de /franke-matthias mu11p.jpg
2003.08.04 11:01 A D:\BEN\Franke\franke-matthias\mu13.html <-- txten.de /franke-matthias mu13.htm
2003.08.04 11:01 A D:\BEN\Franke\franke-matthias\mu13.html <-- txten.de /franke-matthias mu13.html
2003.08.04 11:01 B D:\BEN\Franke\franke-matthias\mu13p.jpg <-- txten.de /franke-matthias mu13p.jpg
2003.08.04 11:01 A D:\BEN\Franke\franke-matthias\mu14.html <-- txten.de /franke-matthias mu14.htm
2003.08.04 11:01 A D:\BEN\Franke\franke-matthias\mu14.html <-- txten.de /franke-matthias mu14.html
2003.08.04 11:01 B D:\BEN\Franke\franke-matthias\mu14p.jpg <-- txten.de /franke-matthias mu14p.jpg
2003.08.04 11:01 A D:\BEN\Franke\franke-matthias\mu15.html <-- txten.de /franke-matthias mu15.htm
2003.08.04 11:01 A D:\BEN\Franke\franke-matthias\mu15.html <-- txten.de /franke-matthias mu15.html
2003.08.04 11:01 B D:\BEN\Franke\franke-matthias\mu15p.jpg <-- txten.de /franke-matthias mu15p.jpg
2003.08.04 11:01 A D:\BEN\Franke\franke-matthias\mu16.html <-- txten.de /franke-matthias mu16.htm
2003.08.04 11:01 B D:\BEN\Franke\franke-matthias\mu16p.jpg <-- txten.de /franke-matthias mu16p.jpg
2003.08.04 11:01 A D:\BEN\Franke\franke-matthias\mu17.html <-- txten.de /franke-matthias mu17.htm
2003.08.04 11:01 B D:\BEN\Franke\franke-matthias\mu17p.jpg <-- txten.de /franke-matthias mu17p.jpg
2003.08.04 11:01 A D:\BEN\Franke\franke-matthias\mu18.html <-- txten.de /franke-matthias mu18.htm
2003.08.04 11:01 A D:\BEN\Franke\franke-matthias\mu19.html <-- txten.de /franke-matthias mu19.htm
2003.08.04 11:01 A D:\BEN\Franke\franke-matthias\t.html <-- txten.de /franke-matthias t.htm
2003.08.04 11:01 A D:\BEN\Franke\franke-matthias\t.html <-- txten.de /franke-matthias t.html
2003.08.04 11:01 A D:\BEN\Franke\franke-matthias\tkah.html <-- txten.de /franke-matthias tkah.htm
2003.08.04 11:01 A D:\BEN\Franke\franke-matthias\tkah.html <-- txten.de /franke-matthias tkah.html
2003.08.04 11:01 B D:\BEN\Franke\franke-matthias\tkap1.gif <-- txten.de /franke-matthias tkap1.gif
2003.08.04 11:01 B D:\BEN\Franke\franke-matthias\tkap14.gif <-- txten.de /franke-matthias tkap14.gif
2003.08.04 11:01 B D:\BEN\Franke\franke-matthias\tkap15.gif <-- txten.de /franke-matthias tkap15.gif
2003.08.04 11:01 B D:\BEN\Franke\franke-matthias\tkap16.gif <-- txten.de /franke-matthias tkap16.gif
2003.08.04 11:01 B D:\BEN\Franke\franke-matthias\tkap17.gif <-- txten.de /franke-matthias tkap17.gif
2003.08.04 11:01 B D:\BEN\Franke\franke-matthias\tkap2.gif <-- txten.de /franke-matthias tkap2.gif
2003.08.04 11:01 B D:\BEN\Franke\franke-matthias\tkap3.gif <-- txten.de /franke-matthias tkap3.gif
2003.08.04 11:01 B D:\BEN\Franke\franke-matthias\tkap4.gif <-- txten.de /franke-matthias tkap4.gif
2003.08.04 11:01 B D:\BEN\Franke\franke-matthias\tkap5.gif <-- txten.de /franke-matthias tkap5.gif
2003.08.04 11:01 B D:\BEN\Franke\franke-matthias\tkap6.gif <-- txten.de /franke-matthias tkap6.gif
2003.08.04 11:01 B D:\BEN\Franke\franke-matthias\tkap7.gif <-- txten.de /franke-matthias tkap7.gif
2003.08.04 11:01 B D:\BEN\Franke\franke-matthias\tkap8.gif <-- txten.de /franke-matthias tkap8.gif
2003.08.04 11:01 A D:\BEN\Franke\franke-matthias\tkbh.html <-- txten.de /franke-matthias tkbh.htm
2003.08.04 11:01 A D:\BEN\Franke\franke-matthias\tkbh.html <-- txten.de /franke-matthias tkbh.html
2003.08.04 11:01 A D:\BEN\Franke\franke-matthias\tkch.html <-- txten.de /franke-matthias tkch.htm
2003.08.04 11:01 A D:\BEN\Franke\franke-matthias\tkch.html <-- txten.de /franke-matthias tkch.html
2003.08.04 11:01 A D:\BEN\Franke\franke-matthias\tkdh.html <-- txten.de /franke-matthias tkdh.htm
2003.08.04 11:01 A D:\BEN\Franke\franke-matthias\tkdh.html <-- txten.de /franke-matthias tkdh.html
2003.08.04 11:01 B D:\BEN\Franke\franke-matthias\tkdp1.gif <-- txten.de /franke-matthias tkdp1.gif
2003.08.04 11:01 B D:\BEN\Franke\franke-matthias\tkdp10.gif <-- txten.de /franke-matthias tkdp10.gif
2003.08.04 11:01 B D:\BEN\Franke\franke-matthias\tkdp11.gif <-- txten.de /franke-matthias tkdp11.gif
2003.08.04 11:01 B D:\BEN\Franke\franke-matthias\tkdp12.gif <-- txten.de /franke-matthias tkdp12.gif
2003.08.04 11:01 B D:\BEN\Franke\franke-matthias\tkdp13.gif <-- txten.de /franke-matthias tkdp13.gif
2003.08.04 11:01 B D:\BEN\Franke\franke-matthias\tkdp2.gif <-- txten.de /franke-matthias tkdp2.gif
2003.08.04 11:01 B D:\BEN\Franke\franke-matthias\tkdp3.gif <-- txten.de /franke-matthias tkdp3.gif
2003.08.04 11:01 B D:\BEN\Franke\franke-matthias\tkdp4.gif <-- txten.de /franke-matthias tkdp4.gif
2003.08.04 11:01 B D:\BEN\Franke\franke-matthias\tkdp5.gif <-- txten.de /franke-matthias tkdp5.gif
2003.08.04 11:01 A D:\BEN\Franke\franke-matthias\w.html <-- txten.de /franke-matthias w.htm
2003.08.04 11:01 A D:\BEN\Franke\franke-matthias\w.html <-- txten.de /franke-matthias w.html
2003.08.04 11:01 A D:\BEN\Franke\franke-matthias\wiah.html <-- txten.de /franke-matthias wiah.htm
2003.08.04 11:01 A D:\BEN\Franke\franke-matthias\wiah.html <-- txten.de /franke-matthias wiah.html
2003.08.04 11:01 A D:\BEN\Franke\franke-matthias\wibfatxt.html <-- txten.de /franke-matthias wibfatxt.htm
2003.08.04 11:01 A D:\BEN\Franke\franke-matthias\wibfatxt.html <-- txten.de /franke-matthias wibfatxt.html
2003.08.04 11:01 B D:\BEN\Franke\franke-matthias\wibsnarr.js <-- txten.de /franke-matthias wibsnarr.js
2003.08.04 11:01 B D:\BEN\Franke\franke-matthias\wibsncon.js <-- txten.de /franke-matthias wibsncon.js
2003.08.04 11:01 A D:\BEN\Franke\franke-matthias\wicfanme.html <-- txten.de /franke-matthias wicfanme.htm
2003.08.04 11:01 A D:\BEN\Franke\franke-matthias\wicfanme.html <-- txten.de /franke-matthias wicfanme.html
2003.08.04 11:01 B D:\BEN\Franke\franke-matthias\wimstyl.css <-- txten.de /franke-matthias wimstyl.css
2003.08.04 11:01 A D:\BEN\Franke\franke-matthias\wlah.html <-- txten.de /franke-matthias wlah.htm
2003.08.04 11:01 A D:\BEN\Franke\franke-matthias\wlah.html <-- txten.de /franke-matthias wlah.html
2003.08.04 11:01 A D:\BEN\Franke\franke-matthias\wlbfatxt.html <-- txten.de /franke-matthias wlbfatxt.htm
2003.08.04 11:01 A D:\BEN\Franke\franke-matthias\wlbfatxt.html <-- txten.de /franke-matthias wlbfatxt.html
2003.08.04 11:01 A D:\BEN\Franke\franke-matthias\wlbfbtxt.html <-- txten.de /franke-matthias wlbfbtxt.htm
2003.08.04 11:01 A D:\BEN\Franke\franke-matthias\wlbfbtxt.html <-- txten.de /franke-matthias wlbfbtxt.html
2003.08.04 11:01 A D:\BEN\Franke\franke-matthias\wlbfctxt.html <-- txten.de /franke-matthias wlbfctxt.htm
2003.08.04 11:01 A D:\BEN\Franke\franke-matthias\wlbfctxt.html <-- txten.de /franke-matthias wlbfctxt.html
2003.08.04 11:01 A D:\BEN\Franke\franke-matthias\wlbfdtxt.html <-- txten.de /franke-matthias wlbfdtxt.htm
2003.08.04 11:01 A D:\BEN\Franke\franke-matthias\wlbfdtxt.html <-- txten.de /franke-matthias wlbfdtxt.html
2003.08.04 11:01 A D:\BEN\Franke\franke-matthias\wlbfetxt.html <-- txten.de /franke-matthias wlbfetxt.htm
2003.08.04 11:01 A D:\BEN\Franke\franke-matthias\wlbfetxt.html <-- txten.de /franke-matthias wlbfetxt.html
2003.08.04 11:01 B D:\BEN\Franke\franke-matthias\wlbmstyl.css <-- txten.de /franke-matthias wlbmstyl.css
2003.08.04 11:01 B D:\BEN\Franke\franke-matthias\wlbp2340.jpg <-- txten.de /franke-matthias wlbp2340.jpg
2003.08.04 11:01 B D:\BEN\Franke\franke-matthias\wlbpaaleskorte.jpg <-- txten.de /franke-matthias wlbpaaleskorte.jpg
2003.08.04 11:01 B D:\BEN\Franke\franke-matthias\wlbpasso.jpg <-- txten.de /franke-matthias wlbpasso.jpg
2003.08.04 11:01 B D:\BEN\Franke\franke-matthias\wlbpbaal.jpg <-- txten.de /franke-matthias wlbpbaal.jpg
2003.08.04 11:01 B D:\BEN\Franke\franke-matthias\wlbpbombe.jpg <-- txten.de /franke-matthias wlbpbombe.jpg
2003.08.04 11:01 B D:\BEN\Franke\franke-matthias\wlbpgeneration.jpg <-- txten.de /franke-matthias wlbpgeneration.jpg
2003.08.04 11:01 B D:\BEN\Franke\franke-matthias\wlbphilfe.jpg <-- txten.de /franke-matthias wlbphilfe.jpg
2003.08.04 11:01 B D:\BEN\Franke\franke-matthias\wlbplavoro.jpg <-- txten.de /franke-matthias wlbplavoro.jpg
2003.08.04 11:01 B D:\BEN\Franke\franke-matthias\wlbploop.jpg <-- txten.de /franke-matthias wlbploop.jpg
2003.08.04 11:01 B D:\BEN\Franke\franke-matthias\wlbpspha.jpg <-- txten.de /franke-matthias wlbpspha.jpg
2003.08.04 11:01 B D:\BEN\Franke\franke-matthias\wlbptrost.jpg <-- txten.de /franke-matthias wlbptrost.jpg
2003.08.04 11:01 B D:\BEN\Franke\franke-matthias\wlbptrost2.jpg <-- txten.de /franke-matthias wlbptrost2.jpg
2003.08.04 11:01 B D:\BEN\Franke\franke-matthias\wlbsnarr.js <-- txten.de /franke-matthias wlbsnarr.js
2003.08.04 11:01 B D:\BEN\Franke\franke-matthias\wlbsncon.js <-- txten.de /franke-matthias wlbsncon.js
2003.08.04 11:01 A D:\BEN\Franke\franke-matthias\wlcfanme.html <-- txten.de /franke-matthias wlcfanme.htm
2003.08.04 11:01 A D:\BEN\Franke\franke-matthias\wlcfanme.html <-- txten.de /franke-matthias wlcfanme.html
2003.08.04 11:01 B D:\BEN\Franke\franke-matthias\wlcmstyl.css <-- txten.de /franke-matthias wlcmstyl.css
2003.08.04 11:01 A D:\BEN\Franke\franke-matthias\xxx.html <-- txten.de /franke-matthias xxx.htm
2003.08.04 11:31 A D:\BEN\Franke\franke-matthias\index.html --> www.txten.de /franke-matthias index.html
2003.08.04 11:31 B D:\BEN\Franke\franke-matthias\indsnarr.js --> www.txten.de /franke-matthias indsnarr.js
2003.08.04 11:31 A D:\BEN\Franke\franke-matthias\j.html --> www.txten.de /franke-matthias j.html
2003.08.04 11:31 A D:\BEN\Franke\franke-matthias\jb.html --> www.txten.de /franke-matthias jb.html
2003.08.04 11:31 A D:\BEN\Franke\franke-matthias\jbahschachtner.html --> www.txten.de /franke-matthias jbahschachtner.html
2003.08.04 11:31 A D:\BEN\Franke\franke-matthias\jbbhcomp.html --> www.txten.de /franke-matthias jbbhcomp.html
2003.08.04 11:31 A D:\BEN\Franke\franke-matthias\jbchAlpar.html --> www.txten.de /franke-matthias jbchAlpar.html
2003.08.04 11:31 A D:\BEN\Franke\franke-matthias\jbdhschalt.html --> www.txten.de /franke-matthias jbdhschalt.html
2003.08.04 11:31 A D:\BEN\Franke\franke-matthias\jbehhelm.html --> www.txten.de /franke-matthias jbehhelm.html
2003.08.04 11:31 A D:\BEN\Franke\franke-matthias\jbghdaemm.html --> www.txten.de /franke-matthias jbghdaemm.html
2003.08.04 11:31 A D:\BEN\Franke\franke-matthias\jbhhfuss.html --> www.txten.de /franke-matthias jbhhfuss.html
2003.08.04 11:31 A D:\BEN\Franke\franke-matthias\jbihvitamin.html --> www.txten.de /franke-matthias jbihvitamin.html
2003.08.04 11:31 A D:\BEN\Franke\franke-matthias\jbjhecom.html --> www.txten.de /franke-matthias jbjhecom.html
2003.08.04 11:31 A D:\BEN\Franke\franke-matthias\jbkhboerse.html --> www.txten.de /franke-matthias jbkhboerse.html
2003.08.04 11:31 A D:\BEN\Franke\franke-matthias\jblhgolf.html --> www.txten.de /franke-matthias jblhgolf.html
2003.08.04 11:31 A D:\BEN\Franke\franke-matthias\jbmhJacob.html --> www.txten.de /franke-matthias jbmhJacob.html
2003.08.04 11:31 A D:\BEN\Franke\franke-matthias\jbnhfundland.html --> www.txten.de /franke-matthias jbnhfundland.html
2003.08.04 11:31 A D:\BEN\Franke\franke-matthias\jbohloet.html --> www.txten.de /franke-matthias jbohloet.html
2003.08.04 11:31 A D:\BEN\Franke\franke-matthias\jbphkonz.html --> www.txten.de /franke-matthias jbphkonz.html
2003.08.04 11:31 A D:\BEN\Franke\franke-matthias\jbqhgesang.html --> www.txten.de /franke-matthias jbqhgesang.html
2003.08.04 11:31 A D:\BEN\Franke\franke-matthias\jbrhimmobil.html --> www.txten.de /franke-matthias jbrhimmobil.html
2003.08.04 11:31 A D:\BEN\Franke\franke-matthias\jbshmarkt.html --> www.txten.de /franke-matthias jbshmarkt.html
2003.08.04 11:31 A D:\BEN\Franke\franke-matthias\jbthkooper.html --> www.txten.de /franke-matthias jbthkooper.html
2003.08.04 11:31 A D:\BEN\Franke\franke-matthias\jk.html --> www.txten.de /franke-matthias jk.html
2003.08.04 11:31 A D:\BEN\Franke\franke-matthias\jkk.html --> www.txten.de /franke-matthias jkk.html
2003.08.04 11:31 A D:\BEN\Franke\franke-matthias\jkkhkopftuch.html --> www.txten.de /franke-matthias jkkhkopftuch.html
2003.08.04 11:31 A D:\BEN\Franke\franke-matthias\jkkhrauch.html --> www.txten.de /franke-matthias jkkhrauch.html
2003.08.04 11:31 A D:\BEN\Franke\franke-matthias\jkr.html --> www.txten.de /franke-matthias jkr.html
2003.08.04 11:31 A D:\BEN\Franke\franke-matthias\jkrhbauman.html --> www.txten.de /franke-matthias jkrhbauman.html
2003.08.04 11:31 A D:\BEN\Franke\franke-matthias\jkrhbertz.html --> www.txten.de /franke-matthias jkrhbertz.html
2003.08.04 11:31 A D:\BEN\Franke\franke-matthias\jkrhbrockhaus.html --> www.txten.de /franke-matthias jkrhbrockhaus.html
2003.08.04 11:31 A D:\BEN\Franke\franke-matthias\jkrhcasanova.html --> www.txten.de /franke-matthias jkrhcasanova.html
2003.08.04 11:31 A D:\BEN\Franke\franke-matthias\jr.html --> www.txten.de /franke-matthias jr.html
2003.08.04 11:31 A D:\BEN\Franke\franke-matthias\jrhfit.html --> www.txten.de /franke-matthias jrhfit.html
2003.08.04 11:31 A D:\BEN\Franke\franke-matthias\jrhleberriss.html --> www.txten.de /franke-matthias jrhleberriss.html
2003.08.04 11:31 A D:\BEN\Franke\franke-matthias\jrhmensa.html --> www.txten.de /franke-matthias jrhmensa.html
2003.08.04 11:31 A D:\BEN\Franke\franke-matthias\jrhroll1.html --> www.txten.de /franke-matthias jrhroll1.html
2003.08.04 11:31 A D:\BEN\Franke\franke-matthias\jrhtanke.html --> www.txten.de /franke-matthias jrhtanke.html
2003.08.04 11:31 A D:\BEN\Franke\franke-matthias\jrhtelseel.html --> www.txten.de /franke-matthias jrhtelseel.html
2003.08.04 11:31 A D:\BEN\Franke\franke-matthias\jrhtelseeli.html --> www.txten.de /franke-matthias jrhtelseeli.html
2003.08.04 11:31 A D:\BEN\Franke\franke-matthias\jrhweihn.html --> www.txten.de /franke-matthias jrhweihn.html
2003.08.04 11:31 A D:\BEN\Franke\franke-matthias\l.html --> www.txten.de /franke-matthias l.html
2003.08.04 11:31 A D:\BEN\Franke\franke-matthias\ll.html --> www.txten.de /franke-matthias ll.html
2003.08.04 11:31 A D:\BEN\Franke\franke-matthias\llhphoenix.html --> www.txten.de /franke-matthias llhphoenix.html
2003.08.04 11:31 A D:\BEN\Franke\franke-matthias\lp.html --> www.txten.de /franke-matthias lp.html
2003.08.04 11:31 A D:\BEN\Franke\franke-matthias\lphbrueller.html --> www.txten.de /franke-matthias lphbrueller.html
2003.08.04 11:31 A D:\BEN\Franke\franke-matthias\lphverlierer.html --> www.txten.de /franke-matthias lphverlierer.html
2003.08.04 11:31 A D:\BEN\Franke\franke-matthias\m.html --> www.txten.de /franke-matthias m.html
2003.08.04 11:31 A D:\BEN\Franke\franke-matthias\mu01.html --> www.txten.de /franke-matthias mu01.html
2003.08.04 11:31 A D:\BEN\Franke\franke-matthias\mu02.html --> www.txten.de /franke-matthias mu02.html
2003.08.04 11:31 A D:\BEN\Franke\franke-matthias\mu03.html --> www.txten.de /franke-matthias mu03.html
2003.08.04 11:31 A D:\BEN\Franke\franke-matthias\mu04.html --> www.txten.de /franke-matthias mu04.html
2003.08.04 11:31 A D:\BEN\Franke\franke-matthias\mu05.html --> www.txten.de /franke-matthias mu05.html
2003.08.04 11:31 A D:\BEN\Franke\franke-matthias\mu06.html --> www.txten.de /franke-matthias mu06.html
2003.08.04 11:31 A D:\BEN\Franke\franke-matthias\mu07.html --> www.txten.de /franke-matthias mu07.html
2003.08.04 11:31 A D:\BEN\Franke\franke-matthias\mu08.html --> www.txten.de /franke-matthias mu08.html
2003.08.04 11:31 A D:\BEN\Franke\franke-matthias\mu09.html --> www.txten.de /franke-matthias mu09.html
2003.08.04 11:31 A D:\BEN\Franke\franke-matthias\mu10.html --> www.txten.de /franke-matthias mu10.html
2003.08.04 11:31 A D:\BEN\Franke\franke-matthias\mu11.html --> www.txten.de /franke-matthias mu11.html
2003.08.04 11:31 A D:\BEN\Franke\franke-matthias\mu13.html --> www.txten.de /franke-matthias mu13.html
2003.08.04 11:31 A D:\BEN\Franke\franke-matthias\mu14.html --> www.txten.de /franke-matthias mu14.html
2003.08.04 11:31 A D:\BEN\Franke\franke-matthias\mu15.html --> www.txten.de /franke-matthias mu15.html
2003.08.04 11:31 A D:\BEN\Franke\franke-matthias\mu16.html --> www.txten.de /franke-matthias mu16.html
2003.08.04 11:31 A D:\BEN\Franke\franke-matthias\mu17.html --> www.txten.de /franke-matthias mu17.html
2003.08.04 11:31 A D:\BEN\Franke\franke-matthias\mu18.html --> www.txten.de /franke-matthias mu18.html
2003.08.04 11:31 A D:\BEN\Franke\franke-matthias\mu19.html --> www.txten.de /franke-matthias mu19.html
2003.08.04 11:31 A D:\BEN\Franke\franke-matthias\t.html --> www.txten.de /franke-matthias t.html
2003.08.04 11:31 A D:\BEN\Franke\franke-matthias\tkah.html --> www.txten.de /franke-matthias tkah.html
2003.08.04 11:31 A D:\BEN\Franke\franke-matthias\tkbh.html --> www.txten.de /franke-matthias tkbh.html
2003.08.04 11:32 A D:\BEN\Franke\franke-matthias\tkch.html --> www.txten.de /franke-matthias tkch.html
2003.08.04 11:32 A D:\BEN\Franke\franke-matthias\tkdh.html --> www.txten.de /franke-matthias tkdh.html
2003.08.04 11:32 A D:\BEN\Franke\franke-matthias\w.html --> www.txten.de /franke-matthias w.html
2003.08.04 11:32 A D:\BEN\Franke\franke-matthias\wiah.html --> www.txten.de /franke-matthias wiah.html
2003.08.04 11:32 A D:\BEN\Franke\franke-matthias\wibfatxt.html --> www.txten.de /franke-matthias wibfatxt.html
2003.08.04 11:32 A D:\BEN\Franke\franke-matthias\wicfanme.html --> www.txten.de /franke-matthias wicfanme.html
2003.08.04 11:32 A D:\BEN\Franke\franke-matthias\wlah.html --> www.txten.de /franke-matthias wlah.html
2003.08.04 11:32 A D:\BEN\Franke\franke-matthias\wlbfatxt.html --> www.txten.de /franke-matthias wlbfatxt.html
2003.08.04 11:32 A D:\BEN\Franke\franke-matthias\wlbfbtxt.html --> www.txten.de /franke-matthias wlbfbtxt.html
2003.08.04 11:32 A D:\BEN\Franke\franke-matthias\wlbfctxt.html --> www.txten.de /franke-matthias wlbfctxt.html
2003.08.04 11:32 A D:\BEN\Franke\franke-matthias\wlbfdtxt.html --> www.txten.de /franke-matthias wlbfdtxt.html
2003.08.04 11:32 A D:\BEN\Franke\franke-matthias\wlbfetxt.html --> www.txten.de /franke-matthias wlbfetxt.html
2003.08.04 11:32 A D:\BEN\Franke\franke-matthias\wlcfanme.html --> www.txten.de /franke-matthias wlcfanme.html
